True
Freezing model.model.0.conv.weight
Freezing model.model.0.bn.weight
Freezing model.model.0.bn.bias
Freezing model.model.1.conv.weight
Freezing model.model.1.bn.weight
Freezing model.model.1.bn.bias
Freezing model.model.2.cv1.conv.weight
Freezing model.model.2.cv1.bn.weight
Freezing model.model.2.cv1.bn.bias
Freezing model.model.2.cv2.conv.weight
Freezing model.model.2.cv2.bn.weight
Freezing model.model.2.cv2.bn.bias
Freezing model.model.2.m.0.cv1.conv.weight
Freezing model.model.2.m.0.cv1.bn.weight
Freezing model.model.2.m.0.cv1.bn.bias
Freezing model.model.2.m.0.cv2.conv.weight
Freezing model.model.2.m.0.cv2.bn.weight
Freezing model.model.2.m.0.cv2.bn.bias
Freezing model.model.2.m.1.cv1.conv.weight
Freezing model.model.2.m.1.cv1.bn.weight
Freezing model.model.2.m.1.cv1.bn.bias
Freezing model.model.2.m.1.cv2.conv.weight
Freezing model.model.2.m.1.cv2.bn.weight
Freezing model.model.2.m.1.cv2.bn.bias
Freezing model.model.2.m.2.cv1.conv.weight
Freezing model.model.2.m.2.cv1.bn.weight
Freezing model.model.2.m.2.cv1.bn.bias
Freezing model.model.2.m.2.cv2.conv.weight
Freezing model.model.2.m.2.cv2.bn.weight
Freezing model.model.2.m.2.cv2.bn.bias
Freezing model.model.3.conv.weight
Freezing model.model.3.bn.weight
Freezing model.model.3.bn.bias
Freezing model.model.4.cv1.conv.weight
Freezing model.model.4.cv1.bn.weight
Freezing model.model.4.cv1.bn.bias
Freezing model.model.4.cv2.conv.weight
Freezing model.model.4.cv2.bn.weight
Freezing model.model.4.cv2.bn.bias
Freezing model.model.4.m.0.cv1.conv.weight
Freezing model.model.4.m.0.cv1.bn.weight
Freezing model.model.4.m.0.cv1.bn.bias
Freezing model.model.4.m.0.cv2.conv.weight
Freezing model.model.4.m.0.cv2.bn.weight
Freezing model.model.4.m.0.cv2.bn.bias
Freezing model.model.4.m.1.cv1.conv.weight
Freezing model.model.4.m.1.cv1.bn.weight
Freezing model.model.4.m.1.cv1.bn.bias
Freezing model.model.4.m.1.cv2.conv.weight
Freezing model.model.4.m.1.cv2.bn.weight
Freezing model.model.4.m.1.cv2.bn.bias
Freezing model.model.4.m.2.cv1.conv.weight
Freezing model.model.4.m.2.cv1.bn.weight
Freezing model.model.4.m.2.cv1.bn.bias
Freezing model.model.4.m.2.cv2.conv.weight
Freezing model.model.4.m.2.cv2.bn.weight
Freezing model.model.4.m.2.cv2.bn.bias
Freezing model.model.4.m.3.cv1.conv.weight
Freezing model.model.4.m.3.cv1.bn.weight
Freezing model.model.4.m.3.cv1.bn.bias
Freezing model.model.4.m.3.cv2.conv.weight
Freezing model.model.4.m.3.cv2.bn.weight
Freezing model.model.4.m.3.cv2.bn.bias
Freezing model.model.4.m.4.cv1.conv.weight
Freezing model.model.4.m.4.cv1.bn.weight
Freezing model.model.4.m.4.cv1.bn.bias
Freezing model.model.4.m.4.cv2.conv.weight
Freezing model.model.4.m.4.cv2.bn.weight
Freezing model.model.4.m.4.cv2.bn.bias
Freezing model.model.4.m.5.cv1.conv.weight
Freezing model.model.4.m.5.cv1.bn.weight
Freezing model.model.4.m.5.cv1.bn.bias
Freezing model.model.4.m.5.cv2.conv.weight
Freezing model.model.4.m.5.cv2.bn.weight
Freezing model.model.4.m.5.cv2.bn.bias
Freezing model.model.5.conv.weight
Freezing model.model.5.bn.weight
Freezing model.model.5.bn.bias
Freezing model.model.6.cv1.conv.weight
Freezing model.model.6.cv1.bn.weight
Freezing model.model.6.cv1.bn.bias
Freezing model.model.6.cv2.conv.weight
Freezing model.model.6.cv2.bn.weight
Freezing model.model.6.cv2.bn.bias
Freezing model.model.6.m.0.cv1.conv.weight
Freezing model.model.6.m.0.cv1.bn.weight
Freezing model.model.6.m.0.cv1.bn.bias
Freezing model.model.6.m.0.cv2.conv.weight
Freezing model.model.6.m.0.cv2.bn.weight
Freezing model.model.6.m.0.cv2.bn.bias
Freezing model.model.6.m.1.cv1.conv.weight
Freezing model.model.6.m.1.cv1.bn.weight
Freezing model.model.6.m.1.cv1.bn.bias
Freezing model.model.6.m.1.cv2.conv.weight
Freezing model.model.6.m.1.cv2.bn.weight
Freezing model.model.6.m.1.cv2.bn.bias
Freezing model.model.6.m.2.cv1.conv.weight
Freezing model.model.6.m.2.cv1.bn.weight
Freezing model.model.6.m.2.cv1.bn.bias
Freezing model.model.6.m.2.cv2.conv.weight
Freezing model.model.6.m.2.cv2.bn.weight
Freezing model.model.6.m.2.cv2.bn.bias
Freezing model.model.6.m.3.cv1.conv.weight
Freezing model.model.6.m.3.cv1.bn.weight
Freezing model.model.6.m.3.cv1.bn.bias
Freezing model.model.6.m.3.cv2.conv.weight
Freezing model.model.6.m.3.cv2.bn.weight
Freezing model.model.6.m.3.cv2.bn.bias
Freezing model.model.6.m.4.cv1.conv.weight
Freezing model.model.6.m.4.cv1.bn.weight
Freezing model.model.6.m.4.cv1.bn.bias
Freezing model.model.6.m.4.cv2.conv.weight
Freezing model.model.6.m.4.cv2.bn.weight
Freezing model.model.6.m.4.cv2.bn.bias
Freezing model.model.6.m.5.cv1.conv.weight
Freezing model.model.6.m.5.cv1.bn.weight
Freezing model.model.6.m.5.cv1.bn.bias
Freezing model.model.6.m.5.cv2.conv.weight
Freezing model.model.6.m.5.cv2.bn.weight
Freezing model.model.6.m.5.cv2.bn.bias
Freezing model.model.7.conv.weight
Freezing model.model.7.bn.weight
Freezing model.model.7.bn.bias
Freezing model.model.8.cv1.conv.weight
Freezing model.model.8.cv1.bn.weight
Freezing model.model.8.cv1.bn.bias
Freezing model.model.8.cv2.conv.weight
Freezing model.model.8.cv2.bn.weight
Freezing model.model.8.cv2.bn.bias
Freezing model.model.8.m.0.cv1.conv.weight
Freezing model.model.8.m.0.cv1.bn.weight
Freezing model.model.8.m.0.cv1.bn.bias
Freezing model.model.8.m.0.cv2.conv.weight
Freezing model.model.8.m.0.cv2.bn.weight
Freezing model.model.8.m.0.cv2.bn.bias
Freezing model.model.8.m.1.cv1.conv.weight
Freezing model.model.8.m.1.cv1.bn.weight
Freezing model.model.8.m.1.cv1.bn.bias
Freezing model.model.8.m.1.cv2.conv.weight
Freezing model.model.8.m.1.cv2.bn.weight
Freezing model.model.8.m.1.cv2.bn.bias
Freezing model.model.8.m.2.cv1.conv.weight
Freezing model.model.8.m.2.cv1.bn.weight
Freezing model.model.8.m.2.cv1.bn.bias
Freezing model.model.8.m.2.cv2.conv.weight
Freezing model.model.8.m.2.cv2.bn.weight
Freezing model.model.8.m.2.cv2.bn.bias
Freezing model.model.9.cv1.conv.weight
Freezing model.model.9.cv1.bn.weight
Freezing model.model.9.cv1.bn.bias
Freezing model.model.9.cv2.conv.weight
Freezing model.model.9.cv2.bn.weight
Freezing model.model.9.cv2.bn.bias
Freezing model.model.12.cv1.conv.weight
Freezing model.model.12.cv1.bn.weight
Freezing model.model.12.cv1.bn.bias
Freezing model.model.12.cv2.conv.weight
Freezing model.model.12.cv2.bn.weight
Freezing model.model.12.cv2.bn.bias
Freezing model.model.12.m.0.cv1.conv.weight
Freezing model.model.12.m.0.cv1.bn.weight
Freezing model.model.12.m.0.cv1.bn.bias
Freezing model.model.12.m.0.cv2.conv.weight
Freezing model.model.12.m.0.cv2.bn.weight
Freezing model.model.12.m.0.cv2.bn.bias
Freezing model.model.12.m.1.cv1.conv.weight
Freezing model.model.12.m.1.cv1.bn.weight
Freezing model.model.12.m.1.cv1.bn.bias
Freezing model.model.12.m.1.cv2.conv.weight
Freezing model.model.12.m.1.cv2.bn.weight
Freezing model.model.12.m.1.cv2.bn.bias
Freezing model.model.12.m.2.cv1.conv.weight
Freezing model.model.12.m.2.cv1.bn.weight
Freezing model.model.12.m.2.cv1.bn.bias
Freezing model.model.12.m.2.cv2.conv.weight
Freezing model.model.12.m.2.cv2.bn.weight
Freezing model.model.12.m.2.cv2.bn.bias
Freezing model.model.15.cv1.conv.weight
Freezing model.model.15.cv1.bn.weight
Freezing model.model.15.cv1.bn.bias
Freezing model.model.15.cv2.conv.weight
Freezing model.model.15.cv2.bn.weight
Freezing model.model.15.cv2.bn.bias
Freezing model.model.15.m.0.cv1.conv.weight
Freezing model.model.15.m.0.cv1.bn.weight
Freezing model.model.15.m.0.cv1.bn.bias
Freezing model.model.15.m.0.cv2.conv.weight
Freezing model.model.15.m.0.cv2.bn.weight
Freezing model.model.15.m.0.cv2.bn.bias
Freezing model.model.15.m.1.cv1.conv.weight
Freezing model.model.15.m.1.cv1.bn.weight
Freezing model.model.15.m.1.cv1.bn.bias
Freezing model.model.15.m.1.cv2.conv.weight
Freezing model.model.15.m.1.cv2.bn.weight
Freezing model.model.15.m.1.cv2.bn.bias
Freezing model.model.15.m.2.cv1.conv.weight
Freezing model.model.15.m.2.cv1.bn.weight
Freezing model.model.15.m.2.cv1.bn.bias
Freezing model.model.15.m.2.cv2.conv.weight
Freezing model.model.15.m.2.cv2.bn.weight
Freezing model.model.15.m.2.cv2.bn.bias
Freezing model.model.16.conv.weight
Freezing model.model.16.bn.weight
Freezing model.model.16.bn.bias
Freezing model.model.18.cv1.conv.weight
Freezing model.model.18.cv1.bn.weight
Freezing model.model.18.cv1.bn.bias
Freezing model.model.18.cv2.conv.weight
Freezing model.model.18.cv2.bn.weight
Freezing model.model.18.cv2.bn.bias
Freezing model.model.18.m.0.cv1.conv.weight
Freezing model.model.18.m.0.cv1.bn.weight
Freezing model.model.18.m.0.cv1.bn.bias
Freezing model.model.18.m.0.cv2.conv.weight
Freezing model.model.18.m.0.cv2.bn.weight
Freezing model.model.18.m.0.cv2.bn.bias
Freezing model.model.18.m.1.cv1.conv.weight
Freezing model.model.18.m.1.cv1.bn.weight
Freezing model.model.18.m.1.cv1.bn.bias
Freezing model.model.18.m.1.cv2.conv.weight
Freezing model.model.18.m.1.cv2.bn.weight
Freezing model.model.18.m.1.cv2.bn.bias
Freezing model.model.18.m.2.cv1.conv.weight
Freezing model.model.18.m.2.cv1.bn.weight
Freezing model.model.18.m.2.cv1.bn.bias
Freezing model.model.18.m.2.cv2.conv.weight
Freezing model.model.18.m.2.cv2.bn.weight
Freezing model.model.18.m.2.cv2.bn.bias
Freezing model.model.19.conv.weight
Freezing model.model.19.bn.weight
Freezing model.model.19.bn.bias
Freezing model.model.21.cv1.conv.weight
Freezing model.model.21.cv1.bn.weight
Freezing model.model.21.cv1.bn.bias
Freezing model.model.21.cv2.conv.weight
Freezing model.model.21.cv2.bn.weight
Freezing model.model.21.cv2.bn.bias
Freezing model.model.21.m.0.cv1.conv.weight
Freezing model.model.21.m.0.cv1.bn.weight
Freezing model.model.21.m.0.cv1.bn.bias
Freezing model.model.21.m.0.cv2.conv.weight
Freezing model.model.21.m.0.cv2.bn.weight
Freezing model.model.21.m.0.cv2.bn.bias
Freezing model.model.21.m.1.cv1.conv.weight
Freezing model.model.21.m.1.cv1.bn.weight
Freezing model.model.21.m.1.cv1.bn.bias
Freezing model.model.21.m.1.cv2.conv.weight
Freezing model.model.21.m.1.cv2.bn.weight
Freezing model.model.21.m.1.cv2.bn.bias
Freezing model.model.21.m.2.cv1.conv.weight
Freezing model.model.21.m.2.cv1.bn.weight
Freezing model.model.21.m.2.cv1.bn.bias
Freezing model.model.21.m.2.cv2.conv.weight
Freezing model.model.21.m.2.cv2.bn.weight
Freezing model.model.21.m.2.cv2.bn.bias
Ultralytics YOLOv8.2.54 🚀 Python-3.12.4 torch-2.3.1 CUDA:0 (Tesla V100-SXM2-32GB, 32501MiB)
                                                     CUDA:1 (Tesla V100-SXM2-32GB, 32501MiB)
                                                     CUDA:2 (Tesla V100-SXM2-32GB, 32501MiB)
                                                     CUDA:3 (Tesla V100-SXM2-32GB, 32501MiB)
[34m[1mengine/trainer: [0mtask=detect, mode=train, model=/home/aamotyakin/yolov8l.pt, data=/home/aamotyakin/Dataset (Copy)/data.yaml, epochs=100, time=None, patience=100, batch=32, imgsz=640, save=True, save_period=-1, cache=False, device=[0, 1, 2, 3], workers=8, project=None, name=yolov8_transfer_learning, exist_ok=False, pretrained=True, optimizer=auto, verbose=True, seed=0, deterministic=True, single_cls=False, rect=False, cos_lr=False, close_mosaic=10, resume=False, amp=True, fraction=1.0, profile=False, freeze=None, multi_scale=False, overlap_mask=True, mask_ratio=4, dropout=0.0, val=True, split=val, save_json=False, save_hybrid=False, conf=None, iou=0.7, max_det=300, half=False, dnn=False, plots=True, source=None, vid_stride=1, stream_buffer=False, visualize=False, augment=False, agnostic_nms=False, classes=None, retina_masks=False, embed=None, show=False, save_frames=False, save_txt=False, save_conf=False, save_crop=False, show_labels=True, show_conf=True, show_boxes=True, line_width=None, format=torchscript, keras=False, optimize=False, int8=False, dynamic=False, simplify=False, opset=None, workspace=4, nms=False, lr0=0.01, lrf=0.01, momentum=0.937, weight_decay=0.0005, warmup_epochs=3.0, warmup_momentum=0.8, warmup_bias_lr=0.1, box=7.5, cls=0.5, dfl=1.5, pose=12.0, kobj=1.0, label_smoothing=0.0, nbs=64, hsv_h=0.015, hsv_s=0.7, hsv_v=0.4, degrees=0.0, translate=0.1, scale=0.5, shear=0.0, perspective=0.0, flipud=0.0, fliplr=0.5, bgr=0.0, mosaic=1.0, mixup=0.0, copy_paste=0.0, auto_augment=randaugment, erasing=0.4, crop_fraction=1.0, cfg=None, tracker=botsort.yaml, save_dir=runs/detect/yolov8_transfer_learning
Overriding model.yaml nc=80 with nc=56

                   from  n    params  module                                       arguments                     
  0                  -1  1      1856  ultralytics.nn.modules.conv.Conv             [3, 64, 3, 2]                 
  1                  -1  1     73984  ultralytics.nn.modules.conv.Conv             [64, 128, 3, 2]               
  2                  -1  3    279808  ultralytics.nn.modules.block.C2f             [128, 128, 3, True]           
  3                  -1  1    295424  ultralytics.nn.modules.conv.Conv             [128, 256, 3, 2]              
  4                  -1  6   2101248  ultralytics.nn.modules.block.C2f             [256, 256, 6, True]           
  5                  -1  1   1180672  ultralytics.nn.modules.conv.Conv             [256, 512, 3, 2]              
  6                  -1  6   8396800  ultralytics.nn.modules.block.C2f             [512, 512, 6, True]           
  7                  -1  1   2360320  ultralytics.nn.modules.conv.Conv             [512, 512, 3, 2]              
  8                  -1  3   4461568  ultralytics.nn.modules.block.C2f             [512, 512, 3, True]           
  9                  -1  1    656896  ultralytics.nn.modules.block.SPPF            [512, 512, 5]                 
 10                  -1  1         0  torch.nn.modules.upsampling.Upsample         [None, 2, 'nearest']          
 11             [-1, 6]  1         0  ultralytics.nn.modules.conv.Concat           [1]                           
 12                  -1  3   4723712  ultralytics.nn.modules.block.C2f             [1024, 512, 3]                
 13                  -1  1         0  torch.nn.modules.upsampling.Upsample         [None, 2, 'nearest']          
 14             [-1, 4]  1         0  ultralytics.nn.modules.conv.Concat           [1]                           
 15                  -1  3   1247744  ultralytics.nn.modules.block.C2f             [768, 256, 3]                 
 16                  -1  1    590336  ultralytics.nn.modules.conv.Conv             [256, 256, 3, 2]              
 17            [-1, 12]  1         0  ultralytics.nn.modules.conv.Concat           [1]                           
 18                  -1  3   4592640  ultralytics.nn.modules.block.C2f             [768, 512, 3]                 
 19                  -1  1   2360320  ultralytics.nn.modules.conv.Conv             [512, 512, 3, 2]              
 20             [-1, 9]  1         0  ultralytics.nn.modules.conv.Concat           [1]                           
 21                  -1  3   4723712  ultralytics.nn.modules.block.C2f             [1024, 512, 3]                
 22        [15, 18, 21]  1   5625976  ultralytics.nn.modules.head.Detect           [56, [256, 512, 512]]         
Model summary: 365 layers, 43673016 parameters, 43673000 gradients

Transferred 589/595 items from pretrained weights
[34m[1mDDP:[0m debug command /home/aamotyakin/.conda/envs/yolov8_new/bin/python -m torch.distributed.run --nproc_per_node 4 --master_port 48491 /home/aamotyakin/.config/Ultralytics/DDP/_temp_zcpp9zoh140216913837136.py
Ultralytics YOLOv8.2.54 🚀 Python-3.12.4 torch-2.3.1 CUDA:0 (Tesla V100-SXM2-32GB, 32501MiB)
                                                     CUDA:1 (Tesla V100-SXM2-32GB, 32501MiB)
                                                     CUDA:2 (Tesla V100-SXM2-32GB, 32501MiB)
                                                     CUDA:3 (Tesla V100-SXM2-32GB, 32501MiB)
Overriding model.yaml nc=80 with nc=56
Transferred 589/595 items from pretrained weights
Freezing layer 'model.22.dfl.conv.weight'
[34m[1mAMP: [0mrunning Automatic Mixed Precision (AMP) checks with YOLOv8n...
Downloading https://github.com/ultralytics/assets/releases/download/v8.2.0/yolov8n.pt to 'yolov8n.pt'...
[34m[1mAMP: [0mchecks skipped ⚠️, offline and unable to download YOLOv8n. Setting 'amp=True'. If you experience zero-mAP or NaN losses you can disable AMP with amp=False.
[34m[1malbumentations: [0mBlur(p=0.01, blur_limit=(3, 7)), MedianBlur(p=0.01, blur_limit=(3, 7)), ToGray(p=0.01), CLAHE(p=0.01, clip_limit=(1, 4.0), tile_grid_size=(8, 8))
Plotting labels to runs/detect/yolov8_transfer_learning/labels.jpg... 
[34m[1moptimizer:[0m 'optimizer=auto' found, ignoring 'lr0=0.01' and 'momentum=0.937' and determining best 'optimizer', 'lr0' and 'momentum' automatically... 
[34m[1moptimizer:[0m SGD(lr=0.01, momentum=0.9) with parameter groups 97 weight(decay=0.0), 104 weight(decay=0.0005), 103 bias(decay=0.0)
Image sizes 640 train, 640 val
Using 32 dataloader workers
Logging results to [1mruns/detect/yolov8_transfer_learning[0m
Starting training for 100 epochs...

      Epoch    GPU_mem   box_loss   cls_loss   dfl_loss  Instances       Size
                   all      39441     113731      0.423      0.305      0.255      0.169

      Epoch    GPU_mem   box_loss   cls_loss   dfl_loss  Instances       Size
                   all      39441     113731      0.433      0.366      0.316      0.208

      Epoch    GPU_mem   box_loss   cls_loss   dfl_loss  Instances       Size
                   all      39441     113731      0.326      0.233      0.167      0.101

      Epoch    GPU_mem   box_loss   cls_loss   dfl_loss  Instances       Size
                   all      39441     113731      0.362      0.329      0.271      0.172

      Epoch    GPU_mem   box_loss   cls_loss   dfl_loss  Instances       Size
                   all      39441     113731      0.448      0.394      0.361      0.238

      Epoch    GPU_mem   box_loss   cls_loss   dfl_loss  Instances       Size
                   all      39441     113731      0.545      0.403      0.412      0.278

      Epoch    GPU_mem   box_loss   cls_loss   dfl_loss  Instances       Size
                   all      39441     113731      0.516      0.423      0.416      0.283

      Epoch    GPU_mem   box_loss   cls_loss   dfl_loss  Instances       Size
                   all      39441     113731      0.545       0.47      0.468      0.321

      Epoch    GPU_mem   box_loss   cls_loss   dfl_loss  Instances       Size
                   all      39441     113731      0.568      0.466      0.477      0.326

      Epoch    GPU_mem   box_loss   cls_loss   dfl_loss  Instances       Size
                   all      39441     113731       0.57      0.488      0.502      0.351

      Epoch    GPU_mem   box_loss   cls_loss   dfl_loss  Instances       Size
                   all      39441     113731      0.569        0.5      0.511       0.36

      Epoch    GPU_mem   box_loss   cls_loss   dfl_loss  Instances       Size
                   all      39441     113731      0.613      0.524      0.545      0.387

      Epoch    GPU_mem   box_loss   cls_loss   dfl_loss  Instances       Size
                   all      39441     113731      0.661      0.521      0.559      0.398

      Epoch    GPU_mem   box_loss   cls_loss   dfl_loss  Instances       Size
                   all      39441     113731      0.626      0.539      0.564      0.405

      Epoch    GPU_mem   box_loss   cls_loss   dfl_loss  Instances       Size
                   all      39441     113731      0.657      0.551      0.581      0.417

      Epoch    GPU_mem   box_loss   cls_loss   dfl_loss  Instances       Size
                   all      39441     113731      0.651      0.567      0.596      0.431

      Epoch    GPU_mem   box_loss   cls_loss   dfl_loss  Instances       Size
                   all      39441     113731      0.682      0.572      0.611      0.442

      Epoch    GPU_mem   box_loss   cls_loss   dfl_loss  Instances       Size
                   all      39441     113731      0.656      0.588      0.616      0.449

      Epoch    GPU_mem   box_loss   cls_loss   dfl_loss  Instances       Size
                   all      39441     113731      0.662      0.592      0.625      0.457

      Epoch    GPU_mem   box_loss   cls_loss   dfl_loss  Instances       Size
                   all      39441     113731      0.672      0.593      0.629      0.461

      Epoch    GPU_mem   box_loss   cls_loss   dfl_loss  Instances       Size
                   all      39441     113731      0.689        0.6      0.641       0.47

      Epoch    GPU_mem   box_loss   cls_loss   dfl_loss  Instances       Size
                   all      39441     113731      0.686      0.613      0.649      0.478

      Epoch    GPU_mem   box_loss   cls_loss   dfl_loss  Instances       Size
                   all      39441     113731      0.693      0.612      0.651      0.482

      Epoch    GPU_mem   box_loss   cls_loss   dfl_loss  Instances       Size
                   all      39441     113731      0.706      0.613      0.659      0.489

      Epoch    GPU_mem   box_loss   cls_loss   dfl_loss  Instances       Size
                   all      39441     113731      0.696      0.623      0.663      0.492

      Epoch    GPU_mem   box_loss   cls_loss   dfl_loss  Instances       Size
                   all      39441     113731      0.705      0.623      0.668      0.496

      Epoch    GPU_mem   box_loss   cls_loss   dfl_loss  Instances       Size
                   all      39441     113731      0.702      0.629      0.671        0.5

      Epoch    GPU_mem   box_loss   cls_loss   dfl_loss  Instances       Size
                   all      39441     113731       0.71      0.632      0.676      0.505

      Epoch    GPU_mem   box_loss   cls_loss   dfl_loss  Instances       Size
                   all      39441     113731      0.712      0.636      0.679      0.508

      Epoch    GPU_mem   box_loss   cls_loss   dfl_loss  Instances       Size
                   all      39441     113731      0.715      0.636      0.681      0.511

      Epoch    GPU_mem   box_loss   cls_loss   dfl_loss  Instances       Size
                   all      39441     113731      0.718      0.636      0.683      0.513

      Epoch    GPU_mem   box_loss   cls_loss   dfl_loss  Instances       Size
                   all      39441     113731      0.716      0.639      0.686      0.515

      Epoch    GPU_mem   box_loss   cls_loss   dfl_loss  Instances       Size
                   all      39441     113731      0.721       0.64      0.688      0.517

      Epoch    GPU_mem   box_loss   cls_loss   dfl_loss  Instances       Size
                   all      39441     113731      0.712      0.647      0.689      0.519

      Epoch    GPU_mem   box_loss   cls_loss   dfl_loss  Instances       Size
                   all      39441     113731       0.71      0.651       0.69       0.52

      Epoch    GPU_mem   box_loss   cls_loss   dfl_loss  Instances       Size
                   all      39441     113731      0.715       0.65      0.692      0.522

      Epoch    GPU_mem   box_loss   cls_loss   dfl_loss  Instances       Size
                   all      39441     113731      0.715      0.652      0.693      0.523

      Epoch    GPU_mem   box_loss   cls_loss   dfl_loss  Instances       Size
                   all      39441     113731      0.719       0.65      0.694      0.524

      Epoch    GPU_mem   box_loss   cls_loss   dfl_loss  Instances       Size
                   all      39441     113731       0.72      0.651      0.694      0.524

      Epoch    GPU_mem   box_loss   cls_loss   dfl_loss  Instances       Size
                   all      39441     113731      0.721      0.651      0.695      0.525

      Epoch    GPU_mem   box_loss   cls_loss   dfl_loss  Instances       Size
                   all      39441     113731       0.72      0.653      0.696      0.526

      Epoch    GPU_mem   box_loss   cls_loss   dfl_loss  Instances       Size
                   all      39441     113731      0.714      0.658      0.697      0.527

      Epoch    GPU_mem   box_loss   cls_loss   dfl_loss  Instances       Size
                   all      39441     113731      0.715      0.659      0.697      0.528

      Epoch    GPU_mem   box_loss   cls_loss   dfl_loss  Instances       Size
                   all      39441     113731      0.717       0.66      0.698      0.529

      Epoch    GPU_mem   box_loss   cls_loss   dfl_loss  Instances       Size
                   all      39441     113731      0.718       0.66      0.698       0.53

      Epoch    GPU_mem   box_loss   cls_loss   dfl_loss  Instances       Size
                   all      39441     113731       0.72      0.661        0.7      0.531

      Epoch    GPU_mem   box_loss   cls_loss   dfl_loss  Instances       Size
                   all      39441     113731      0.721      0.661      0.701      0.532

      Epoch    GPU_mem   box_loss   cls_loss   dfl_loss  Instances       Size
                   all      39441     113731      0.723      0.659      0.701      0.532

      Epoch    GPU_mem   box_loss   cls_loss   dfl_loss  Instances       Size
                   all      39441     113731      0.722      0.661      0.702      0.533

      Epoch    GPU_mem   box_loss   cls_loss   dfl_loss  Instances       Size
                   all      39441     113731      0.723      0.661      0.702      0.534

      Epoch    GPU_mem   box_loss   cls_loss   dfl_loss  Instances       Size
                   all      39441     113731      0.725      0.661      0.703      0.535

      Epoch    GPU_mem   box_loss   cls_loss   dfl_loss  Instances       Size
                   all      39441     113731      0.727      0.661      0.703      0.535

      Epoch    GPU_mem   box_loss   cls_loss   dfl_loss  Instances       Size
                   all      39441     113731      0.729      0.661      0.704      0.536

      Epoch    GPU_mem   box_loss   cls_loss   dfl_loss  Instances       Size
                   all      39441     113731      0.731       0.66      0.705      0.536

      Epoch    GPU_mem   box_loss   cls_loss   dfl_loss  Instances       Size
                   all      39441     113731      0.734      0.659      0.705      0.537

      Epoch    GPU_mem   box_loss   cls_loss   dfl_loss  Instances       Size
                   all      39441     113731      0.735      0.659      0.706      0.538

      Epoch    GPU_mem   box_loss   cls_loss   dfl_loss  Instances       Size
                   all      39441     113731      0.733      0.662      0.706      0.538

      Epoch    GPU_mem   box_loss   cls_loss   dfl_loss  Instances       Size
                   all      39441     113731      0.736      0.661      0.707      0.539

      Epoch    GPU_mem   box_loss   cls_loss   dfl_loss  Instances       Size
                   all      39441     113731      0.738       0.66      0.707       0.54

      Epoch    GPU_mem   box_loss   cls_loss   dfl_loss  Instances       Size
                   all      39441     113731      0.737      0.661      0.708      0.541

      Epoch    GPU_mem   box_loss   cls_loss   dfl_loss  Instances       Size
                   all      39441     113731      0.739      0.661      0.708      0.542

      Epoch    GPU_mem   box_loss   cls_loss   dfl_loss  Instances       Size
                   all      39441     113731      0.739      0.662      0.709      0.542

      Epoch    GPU_mem   box_loss   cls_loss   dfl_loss  Instances       Size
