True
Freezing model.model.0.conv.weight
Freezing model.model.0.bn.weight
Freezing model.model.0.bn.bias
Freezing model.model.1.conv.weight
Freezing model.model.1.bn.weight
Freezing model.model.1.bn.bias
Freezing model.model.2.cv1.conv.weight
Freezing model.model.2.cv1.bn.weight
Freezing model.model.2.cv1.bn.bias
Freezing model.model.2.cv2.conv.weight
Freezing model.model.2.cv2.bn.weight
Freezing model.model.2.cv2.bn.bias
Freezing model.model.2.m.0.cv1.conv.weight
Freezing model.model.2.m.0.cv1.bn.weight
Freezing model.model.2.m.0.cv1.bn.bias
Freezing model.model.2.m.0.cv2.conv.weight
Freezing model.model.2.m.0.cv2.bn.weight
Freezing model.model.2.m.0.cv2.bn.bias
Freezing model.model.2.m.1.cv1.conv.weight
Freezing model.model.2.m.1.cv1.bn.weight
Freezing model.model.2.m.1.cv1.bn.bias
Freezing model.model.2.m.1.cv2.conv.weight
Freezing model.model.2.m.1.cv2.bn.weight
Freezing model.model.2.m.1.cv2.bn.bias
Freezing model.model.2.m.2.cv1.conv.weight
Freezing model.model.2.m.2.cv1.bn.weight
Freezing model.model.2.m.2.cv1.bn.bias
Freezing model.model.2.m.2.cv2.conv.weight
Freezing model.model.2.m.2.cv2.bn.weight
Freezing model.model.2.m.2.cv2.bn.bias
Freezing model.model.3.conv.weight
Freezing model.model.3.bn.weight
Freezing model.model.3.bn.bias
Freezing model.model.4.cv1.conv.weight
Freezing model.model.4.cv1.bn.weight
Freezing model.model.4.cv1.bn.bias
Freezing model.model.4.cv2.conv.weight
Freezing model.model.4.cv2.bn.weight
Freezing model.model.4.cv2.bn.bias
Freezing model.model.4.m.0.cv1.conv.weight
Freezing model.model.4.m.0.cv1.bn.weight
Freezing model.model.4.m.0.cv1.bn.bias
Freezing model.model.4.m.0.cv2.conv.weight
Freezing model.model.4.m.0.cv2.bn.weight
Freezing model.model.4.m.0.cv2.bn.bias
Freezing model.model.4.m.1.cv1.conv.weight
Freezing model.model.4.m.1.cv1.bn.weight
Freezing model.model.4.m.1.cv1.bn.bias
Freezing model.model.4.m.1.cv2.conv.weight
Freezing model.model.4.m.1.cv2.bn.weight
Freezing model.model.4.m.1.cv2.bn.bias
Freezing model.model.4.m.2.cv1.conv.weight
Freezing model.model.4.m.2.cv1.bn.weight
Freezing model.model.4.m.2.cv1.bn.bias
Freezing model.model.4.m.2.cv2.conv.weight
Freezing model.model.4.m.2.cv2.bn.weight
Freezing model.model.4.m.2.cv2.bn.bias
Freezing model.model.4.m.3.cv1.conv.weight
Freezing model.model.4.m.3.cv1.bn.weight
Freezing model.model.4.m.3.cv1.bn.bias
Freezing model.model.4.m.3.cv2.conv.weight
Freezing model.model.4.m.3.cv2.bn.weight
Freezing model.model.4.m.3.cv2.bn.bias
Freezing model.model.4.m.4.cv1.conv.weight
Freezing model.model.4.m.4.cv1.bn.weight
Freezing model.model.4.m.4.cv1.bn.bias
Freezing model.model.4.m.4.cv2.conv.weight
Freezing model.model.4.m.4.cv2.bn.weight
Freezing model.model.4.m.4.cv2.bn.bias
Freezing model.model.4.m.5.cv1.conv.weight
Freezing model.model.4.m.5.cv1.bn.weight
Freezing model.model.4.m.5.cv1.bn.bias
Freezing model.model.4.m.5.cv2.conv.weight
Freezing model.model.4.m.5.cv2.bn.weight
Freezing model.model.4.m.5.cv2.bn.bias
Freezing model.model.5.conv.weight
Freezing model.model.5.bn.weight
Freezing model.model.5.bn.bias
Freezing model.model.6.cv1.conv.weight
Freezing model.model.6.cv1.bn.weight
Freezing model.model.6.cv1.bn.bias
Freezing model.model.6.cv2.conv.weight
Freezing model.model.6.cv2.bn.weight
Freezing model.model.6.cv2.bn.bias
Freezing model.model.6.m.0.cv1.conv.weight
Freezing model.model.6.m.0.cv1.bn.weight
Freezing model.model.6.m.0.cv1.bn.bias
Freezing model.model.6.m.0.cv2.conv.weight
Freezing model.model.6.m.0.cv2.bn.weight
Freezing model.model.6.m.0.cv2.bn.bias
Freezing model.model.6.m.1.cv1.conv.weight
Freezing model.model.6.m.1.cv1.bn.weight
Freezing model.model.6.m.1.cv1.bn.bias
Freezing model.model.6.m.1.cv2.conv.weight
Freezing model.model.6.m.1.cv2.bn.weight
Freezing model.model.6.m.1.cv2.bn.bias
Freezing model.model.6.m.2.cv1.conv.weight
Freezing model.model.6.m.2.cv1.bn.weight
Freezing model.model.6.m.2.cv1.bn.bias
Freezing model.model.6.m.2.cv2.conv.weight
Freezing model.model.6.m.2.cv2.bn.weight
Freezing model.model.6.m.2.cv2.bn.bias
Freezing model.model.6.m.3.cv1.conv.weight
Freezing model.model.6.m.3.cv1.bn.weight
Freezing model.model.6.m.3.cv1.bn.bias
Freezing model.model.6.m.3.cv2.conv.weight
Freezing model.model.6.m.3.cv2.bn.weight
Freezing model.model.6.m.3.cv2.bn.bias
Freezing model.model.6.m.4.cv1.conv.weight
Freezing model.model.6.m.4.cv1.bn.weight
Freezing model.model.6.m.4.cv1.bn.bias
Freezing model.model.6.m.4.cv2.conv.weight
Freezing model.model.6.m.4.cv2.bn.weight
Freezing model.model.6.m.4.cv2.bn.bias
Freezing model.model.6.m.5.cv1.conv.weight
Freezing model.model.6.m.5.cv1.bn.weight
Freezing model.model.6.m.5.cv1.bn.bias
Freezing model.model.6.m.5.cv2.conv.weight
Freezing model.model.6.m.5.cv2.bn.weight
Freezing model.model.6.m.5.cv2.bn.bias
Freezing model.model.7.conv.weight
Freezing model.model.7.bn.weight
Freezing model.model.7.bn.bias
Freezing model.model.8.cv1.conv.weight
Freezing model.model.8.cv1.bn.weight
Freezing model.model.8.cv1.bn.bias
Freezing model.model.8.cv2.conv.weight
Freezing model.model.8.cv2.bn.weight
Freezing model.model.8.cv2.bn.bias
Freezing model.model.8.m.0.cv1.conv.weight
Freezing model.model.8.m.0.cv1.bn.weight
Freezing model.model.8.m.0.cv1.bn.bias
Freezing model.model.8.m.0.cv2.conv.weight
Freezing model.model.8.m.0.cv2.bn.weight
Freezing model.model.8.m.0.cv2.bn.bias
Freezing model.model.8.m.1.cv1.conv.weight
Freezing model.model.8.m.1.cv1.bn.weight
Freezing model.model.8.m.1.cv1.bn.bias
Freezing model.model.8.m.1.cv2.conv.weight
Freezing model.model.8.m.1.cv2.bn.weight
Freezing model.model.8.m.1.cv2.bn.bias
Freezing model.model.8.m.2.cv1.conv.weight
Freezing model.model.8.m.2.cv1.bn.weight
Freezing model.model.8.m.2.cv1.bn.bias
Freezing model.model.8.m.2.cv2.conv.weight
Freezing model.model.8.m.2.cv2.bn.weight
Freezing model.model.8.m.2.cv2.bn.bias
Freezing model.model.9.cv1.conv.weight
Freezing model.model.9.cv1.bn.weight
Freezing model.model.9.cv1.bn.bias
Freezing model.model.9.cv2.conv.weight
Freezing model.model.9.cv2.bn.weight
Freezing model.model.9.cv2.bn.bias
Freezing model.model.12.cv1.conv.weight
Freezing model.model.12.cv1.bn.weight
Freezing model.model.12.cv1.bn.bias
Freezing model.model.12.cv2.conv.weight
Freezing model.model.12.cv2.bn.weight
Freezing model.model.12.cv2.bn.bias
Freezing model.model.12.m.0.cv1.conv.weight
Freezing model.model.12.m.0.cv1.bn.weight
Freezing model.model.12.m.0.cv1.bn.bias
Freezing model.model.12.m.0.cv2.conv.weight
Freezing model.model.12.m.0.cv2.bn.weight
Freezing model.model.12.m.0.cv2.bn.bias
Freezing model.model.12.m.1.cv1.conv.weight
Freezing model.model.12.m.1.cv1.bn.weight
Freezing model.model.12.m.1.cv1.bn.bias
Freezing model.model.12.m.1.cv2.conv.weight
Freezing model.model.12.m.1.cv2.bn.weight
Freezing model.model.12.m.1.cv2.bn.bias
Freezing model.model.12.m.2.cv1.conv.weight
Freezing model.model.12.m.2.cv1.bn.weight
Freezing model.model.12.m.2.cv1.bn.bias
Freezing model.model.12.m.2.cv2.conv.weight
Freezing model.model.12.m.2.cv2.bn.weight
Freezing model.model.12.m.2.cv2.bn.bias
Freezing model.model.15.cv1.conv.weight
Freezing model.model.15.cv1.bn.weight
Freezing model.model.15.cv1.bn.bias
Freezing model.model.15.cv2.conv.weight
Freezing model.model.15.cv2.bn.weight
Freezing model.model.15.cv2.bn.bias
Freezing model.model.15.m.0.cv1.conv.weight
Freezing model.model.15.m.0.cv1.bn.weight
Freezing model.model.15.m.0.cv1.bn.bias
Freezing model.model.15.m.0.cv2.conv.weight
Freezing model.model.15.m.0.cv2.bn.weight
Freezing model.model.15.m.0.cv2.bn.bias
Freezing model.model.15.m.1.cv1.conv.weight
Freezing model.model.15.m.1.cv1.bn.weight
Freezing model.model.15.m.1.cv1.bn.bias
Freezing model.model.15.m.1.cv2.conv.weight
Freezing model.model.15.m.1.cv2.bn.weight
Freezing model.model.15.m.1.cv2.bn.bias
Freezing model.model.15.m.2.cv1.conv.weight
Freezing model.model.15.m.2.cv1.bn.weight
Freezing model.model.15.m.2.cv1.bn.bias
Freezing model.model.15.m.2.cv2.conv.weight
Freezing model.model.15.m.2.cv2.bn.weight
Freezing model.model.15.m.2.cv2.bn.bias
Freezing model.model.16.conv.weight
Freezing model.model.16.bn.weight
Freezing model.model.16.bn.bias
Freezing model.model.18.cv1.conv.weight
Freezing model.model.18.cv1.bn.weight
Freezing model.model.18.cv1.bn.bias
Freezing model.model.18.cv2.conv.weight
Freezing model.model.18.cv2.bn.weight
Freezing model.model.18.cv2.bn.bias
Freezing model.model.18.m.0.cv1.conv.weight
Freezing model.model.18.m.0.cv1.bn.weight
Freezing model.model.18.m.0.cv1.bn.bias
Freezing model.model.18.m.0.cv2.conv.weight
Freezing model.model.18.m.0.cv2.bn.weight
Freezing model.model.18.m.0.cv2.bn.bias
Freezing model.model.18.m.1.cv1.conv.weight
Freezing model.model.18.m.1.cv1.bn.weight
Freezing model.model.18.m.1.cv1.bn.bias
Freezing model.model.18.m.1.cv2.conv.weight
Freezing model.model.18.m.1.cv2.bn.weight
Freezing model.model.18.m.1.cv2.bn.bias
Freezing model.model.18.m.2.cv1.conv.weight
Freezing model.model.18.m.2.cv1.bn.weight
Freezing model.model.18.m.2.cv1.bn.bias
Freezing model.model.18.m.2.cv2.conv.weight
Freezing model.model.18.m.2.cv2.bn.weight
Freezing model.model.18.m.2.cv2.bn.bias
Freezing model.model.19.conv.weight
Freezing model.model.19.bn.weight
Freezing model.model.19.bn.bias
Freezing model.model.21.cv1.conv.weight
Freezing model.model.21.cv1.bn.weight
Freezing model.model.21.cv1.bn.bias
Freezing model.model.21.cv2.conv.weight
Freezing model.model.21.cv2.bn.weight
Freezing model.model.21.cv2.bn.bias
Freezing model.model.21.m.0.cv1.conv.weight
Freezing model.model.21.m.0.cv1.bn.weight
Freezing model.model.21.m.0.cv1.bn.bias
Freezing model.model.21.m.0.cv2.conv.weight
Freezing model.model.21.m.0.cv2.bn.weight
Freezing model.model.21.m.0.cv2.bn.bias
Freezing model.model.21.m.1.cv1.conv.weight
Freezing model.model.21.m.1.cv1.bn.weight
Freezing model.model.21.m.1.cv1.bn.bias
Freezing model.model.21.m.1.cv2.conv.weight
Freezing model.model.21.m.1.cv2.bn.weight
Freezing model.model.21.m.1.cv2.bn.bias
Freezing model.model.21.m.2.cv1.conv.weight
Freezing model.model.21.m.2.cv1.bn.weight
Freezing model.model.21.m.2.cv1.bn.bias
Freezing model.model.21.m.2.cv2.conv.weight
Freezing model.model.21.m.2.cv2.bn.weight
Freezing model.model.21.m.2.cv2.bn.bias
[34m[1mengine/trainer: [0mtask=detect, mode=train, model=/home/aamotyakin/yolov8l.pt, data=/home/aamotyakin/Dataset (Copy)/data.yaml, epochs=50, time=None, patience=100, batch=16, imgsz=640, save=True, save_period=-1, cache=False, device=cuda, workers=8, project=None, name=yolov8_transfer_learning6, exist_ok=False, pretrained=True, optimizer=auto, verbose=True, seed=0, deterministic=True, single_cls=False, rect=False, cos_lr=False, close_mosaic=10, resume=False, amp=True, fraction=1.0, profile=False, freeze=None, multi_scale=False, overlap_mask=True, mask_ratio=4, dropout=0.0, val=True, split=val, save_json=False, save_hybrid=False, conf=None, iou=0.7, max_det=300, half=False, dnn=False, plots=True, source=None, vid_stride=1, stream_buffer=False, visualize=False, augment=False, agnostic_nms=False, classes=None, retina_masks=False, embed=None, show=False, save_frames=False, save_txt=False, save_conf=False, save_crop=False, show_labels=True, show_conf=True, show_boxes=True, line_width=None, format=torchscript, keras=False, optimize=False, int8=False, dynamic=False, simplify=False, opset=None, workspace=4, nms=False, lr0=0.01, lrf=0.01, momentum=0.937, weight_decay=0.0005, warmup_epochs=3.0, warmup_momentum=0.8, warmup_bias_lr=0.1, box=7.5, cls=0.5, dfl=1.5, pose=12.0, kobj=1.0, label_smoothing=0.0, nbs=64, hsv_h=0.015, hsv_s=0.7, hsv_v=0.4, degrees=0.0, translate=0.1, scale=0.5, shear=0.0, perspective=0.0, flipud=0.0, fliplr=0.5, bgr=0.0, mosaic=1.0, mixup=0.0, copy_paste=0.0, auto_augment=randaugment, erasing=0.4, crop_fraction=1.0, cfg=None, tracker=botsort.yaml, save_dir=runs/detect/yolov8_transfer_learning6
Overriding model.yaml nc=80 with nc=56

                   from  n    params  module                                       arguments                     
  0                  -1  1      1856  ultralytics.nn.modules.conv.Conv             [3, 64, 3, 2]                 
  1                  -1  1     73984  ultralytics.nn.modules.conv.Conv             [64, 128, 3, 2]               
  2                  -1  3    279808  ultralytics.nn.modules.block.C2f             [128, 128, 3, True]           
  3                  -1  1    295424  ultralytics.nn.modules.conv.Conv             [128, 256, 3, 2]              
  4                  -1  6   2101248  ultralytics.nn.modules.block.C2f             [256, 256, 6, True]           
  5                  -1  1   1180672  ultralytics.nn.modules.conv.Conv             [256, 512, 3, 2]              
  6                  -1  6   8396800  ultralytics.nn.modules.block.C2f             [512, 512, 6, True]           
  7                  -1  1   2360320  ultralytics.nn.modules.conv.Conv             [512, 512, 3, 2]              
  8                  -1  3   4461568  ultralytics.nn.modules.block.C2f             [512, 512, 3, True]           
  9                  -1  1    656896  ultralytics.nn.modules.block.SPPF            [512, 512, 5]                 
 10                  -1  1         0  torch.nn.modules.upsampling.Upsample         [None, 2, 'nearest']          
 11             [-1, 6]  1         0  ultralytics.nn.modules.conv.Concat           [1]                           
 12                  -1  3   4723712  ultralytics.nn.modules.block.C2f             [1024, 512, 3]                
 13                  -1  1         0  torch.nn.modules.upsampling.Upsample         [None, 2, 'nearest']          
 14             [-1, 4]  1         0  ultralytics.nn.modules.conv.Concat           [1]                           
 15                  -1  3   1247744  ultralytics.nn.modules.block.C2f             [768, 256, 3]                 
 16                  -1  1    590336  ultralytics.nn.modules.conv.Conv             [256, 256, 3, 2]              
 17            [-1, 12]  1         0  ultralytics.nn.modules.conv.Concat           [1]                           
 18                  -1  3   4592640  ultralytics.nn.modules.block.C2f             [768, 512, 3]                 
 19                  -1  1   2360320  ultralytics.nn.modules.conv.Conv             [512, 512, 3, 2]              
 20             [-1, 9]  1         0  ultralytics.nn.modules.conv.Concat           [1]                           
 21                  -1  3   4723712  ultralytics.nn.modules.block.C2f             [1024, 512, 3]                
 22        [15, 18, 21]  1   5625976  ultralytics.nn.modules.head.Detect           [56, [256, 512, 512]]         
Model summary: 365 layers, 43673016 parameters, 43673000 gradients

Transferred 589/595 items from pretrained weights
Freezing layer 'model.22.dfl.conv.weight'
[34m[1mAMP: [0mrunning Automatic Mixed Precision (AMP) checks with YOLOv8n...
Downloading https://github.com/ultralytics/assets/releases/download/v8.2.0/yolov8n.pt to 'yolov8n.pt'...
[34m[1mAMP: [0mchecks skipped ⚠️, offline and unable to download YOLOv8n. Setting 'amp=True'. If you experience zero-mAP or NaN losses you can disable AMP with amp=False.
[34m[1malbumentations: [0mBlur(p=0.01, blur_limit=(3, 7)), MedianBlur(p=0.01, blur_limit=(3, 7)), ToGray(p=0.01), CLAHE(p=0.01, clip_limit=(1, 4.0), tile_grid_size=(8, 8))
Plotting labels to runs/detect/yolov8_transfer_learning6/labels.jpg... 
[34m[1moptimizer:[0m 'optimizer=auto' found, ignoring 'lr0=0.01' and 'momentum=0.937' and determining best 'optimizer', 'lr0' and 'momentum' automatically... 
[34m[1moptimizer:[0m SGD(lr=0.01, momentum=0.9) with parameter groups 97 weight(decay=0.0), 104 weight(decay=0.0005), 103 bias(decay=0.0)
Image sizes 640 train, 640 val
Using 8 dataloader workers
Logging results to [1mruns/detect/yolov8_transfer_learning6[0m
Starting training for 50 epochs...

      Epoch    GPU_mem   box_loss   cls_loss   dfl_loss  Instances       Size
                   all      39441     113731      0.458      0.359      0.325      0.215

      Epoch    GPU_mem   box_loss   cls_loss   dfl_loss  Instances       Size
                   all      39441     113731      0.453      0.359      0.314      0.205

      Epoch    GPU_mem   box_loss   cls_loss   dfl_loss  Instances       Size
                   all      39441     113731       0.41      0.244       0.21      0.129

      Epoch    GPU_mem   box_loss   cls_loss   dfl_loss  Instances       Size
                   all      39441     113731      0.469      0.338      0.315      0.205

      Epoch    GPU_mem   box_loss   cls_loss   dfl_loss  Instances       Size
                   all      39441     113731      0.522      0.392      0.391      0.262

      Epoch    GPU_mem   box_loss   cls_loss   dfl_loss  Instances       Size
                   all      39441     113731      0.542       0.42      0.428      0.291

      Epoch    GPU_mem   box_loss   cls_loss   dfl_loss  Instances       Size
                   all      39441     113731      0.548      0.462      0.469      0.322

      Epoch    GPU_mem   box_loss   cls_loss   dfl_loss  Instances       Size
                   all      39441     113731      0.581      0.473      0.491      0.341

      Epoch    GPU_mem   box_loss   cls_loss   dfl_loss  Instances       Size
                   all      39441     113731      0.562      0.492      0.502      0.353

      Epoch    GPU_mem   box_loss   cls_loss   dfl_loss  Instances       Size
                   all      39441     113731      0.604      0.521      0.544      0.383

      Epoch    GPU_mem   box_loss   cls_loss   dfl_loss  Instances       Size
                   all      39441     113731       0.61      0.535      0.566      0.403

      Epoch    GPU_mem   box_loss   cls_loss   dfl_loss  Instances       Size
                   all      39441     113731      0.626      0.552      0.582      0.418

      Epoch    GPU_mem   box_loss   cls_loss   dfl_loss  Instances       Size
                   all      39441     113731       0.63      0.555      0.596      0.431

      Epoch    GPU_mem   box_loss   cls_loss   dfl_loss  Instances       Size
                   all      39441     113731      0.646      0.564      0.603      0.439

      Epoch    GPU_mem   box_loss   cls_loss   dfl_loss  Instances       Size
                   all      39441     113731      0.636      0.581      0.614      0.448

      Epoch    GPU_mem   box_loss   cls_loss   dfl_loss  Instances       Size
                   all      39441     113731      0.649      0.597      0.628      0.459

      Epoch    GPU_mem   box_loss   cls_loss   dfl_loss  Instances       Size
                   all      39441     113731      0.677      0.595      0.636      0.468

      Epoch    GPU_mem   box_loss   cls_loss   dfl_loss  Instances       Size
                   all      39441     113731      0.675      0.599      0.641      0.474

      Epoch    GPU_mem   box_loss   cls_loss   dfl_loss  Instances       Size
                   all      39441     113731      0.655      0.619      0.649      0.481

      Epoch    GPU_mem   box_loss   cls_loss   dfl_loss  Instances       Size
                   all      39441     113731      0.702      0.615       0.66      0.489

      Epoch    GPU_mem   box_loss   cls_loss   dfl_loss  Instances       Size
                   all      39441     113731      0.707      0.614      0.669      0.498

      Epoch    GPU_mem   box_loss   cls_loss   dfl_loss  Instances       Size
                   all      39441     113731      0.683       0.63      0.672      0.502

      Epoch    GPU_mem   box_loss   cls_loss   dfl_loss  Instances       Size
                   all      39441     113731      0.697      0.628      0.679      0.508

      Epoch    GPU_mem   box_loss   cls_loss   dfl_loss  Instances       Size
                   all      39441     113731      0.692      0.639      0.683      0.512

      Epoch    GPU_mem   box_loss   cls_loss   dfl_loss  Instances       Size
                   all      39441     113731      0.714      0.641      0.686      0.516

      Epoch    GPU_mem   box_loss   cls_loss   dfl_loss  Instances       Size
                   all      39441     113731      0.728      0.636      0.688      0.519

      Epoch    GPU_mem   box_loss   cls_loss   dfl_loss  Instances       Size
                   all      39441     113731      0.721      0.643      0.691      0.522

      Epoch    GPU_mem   box_loss   cls_loss   dfl_loss  Instances       Size
                   all      39441     113731      0.734       0.64      0.695      0.526

      Epoch    GPU_mem   box_loss   cls_loss   dfl_loss  Instances       Size
                   all      39441     113731      0.722      0.652      0.698      0.529

      Epoch    GPU_mem   box_loss   cls_loss   dfl_loss  Instances       Size
                   all      39441     113731      0.727       0.65      0.701      0.531

      Epoch    GPU_mem   box_loss   cls_loss   dfl_loss  Instances       Size
                   all      39441     113731      0.729       0.65      0.702      0.533

      Epoch    GPU_mem   box_loss   cls_loss   dfl_loss  Instances       Size
                   all      39441     113731      0.733      0.653      0.704      0.535

      Epoch    GPU_mem   box_loss   cls_loss   dfl_loss  Instances       Size
