True
Freezing model.model.0.conv.weight
Freezing model.model.0.bn.weight
Freezing model.model.0.bn.bias
Freezing model.model.1.conv.weight
Freezing model.model.1.bn.weight
Freezing model.model.1.bn.bias
Freezing model.model.2.cv1.conv.weight
Freezing model.model.2.cv1.bn.weight
Freezing model.model.2.cv1.bn.bias
Freezing model.model.2.cv2.conv.weight
Freezing model.model.2.cv2.bn.weight
Freezing model.model.2.cv2.bn.bias
Freezing model.model.2.m.0.cv1.conv.weight
Freezing model.model.2.m.0.cv1.bn.weight
Freezing model.model.2.m.0.cv1.bn.bias
Freezing model.model.2.m.0.cv2.conv.weight
Freezing model.model.2.m.0.cv2.bn.weight
Freezing model.model.2.m.0.cv2.bn.bias
Freezing model.model.2.m.1.cv1.conv.weight
Freezing model.model.2.m.1.cv1.bn.weight
Freezing model.model.2.m.1.cv1.bn.bias
Freezing model.model.2.m.1.cv2.conv.weight
Freezing model.model.2.m.1.cv2.bn.weight
Freezing model.model.2.m.1.cv2.bn.bias
Freezing model.model.2.m.2.cv1.conv.weight
Freezing model.model.2.m.2.cv1.bn.weight
Freezing model.model.2.m.2.cv1.bn.bias
Freezing model.model.2.m.2.cv2.conv.weight
Freezing model.model.2.m.2.cv2.bn.weight
Freezing model.model.2.m.2.cv2.bn.bias
Freezing model.model.3.conv.weight
Freezing model.model.3.bn.weight
Freezing model.model.3.bn.bias
Freezing model.model.4.cv1.conv.weight
Freezing model.model.4.cv1.bn.weight
Freezing model.model.4.cv1.bn.bias
Freezing model.model.4.cv2.conv.weight
Freezing model.model.4.cv2.bn.weight
Freezing model.model.4.cv2.bn.bias
Freezing model.model.4.m.0.cv1.conv.weight
Freezing model.model.4.m.0.cv1.bn.weight
Freezing model.model.4.m.0.cv1.bn.bias
Freezing model.model.4.m.0.cv2.conv.weight
Freezing model.model.4.m.0.cv2.bn.weight
Freezing model.model.4.m.0.cv2.bn.bias
Freezing model.model.4.m.1.cv1.conv.weight
Freezing model.model.4.m.1.cv1.bn.weight
Freezing model.model.4.m.1.cv1.bn.bias
Freezing model.model.4.m.1.cv2.conv.weight
Freezing model.model.4.m.1.cv2.bn.weight
Freezing model.model.4.m.1.cv2.bn.bias
Freezing model.model.4.m.2.cv1.conv.weight
Freezing model.model.4.m.2.cv1.bn.weight
Freezing model.model.4.m.2.cv1.bn.bias
Freezing model.model.4.m.2.cv2.conv.weight
Freezing model.model.4.m.2.cv2.bn.weight
Freezing model.model.4.m.2.cv2.bn.bias
Freezing model.model.4.m.3.cv1.conv.weight
Freezing model.model.4.m.3.cv1.bn.weight
Freezing model.model.4.m.3.cv1.bn.bias
Freezing model.model.4.m.3.cv2.conv.weight
Freezing model.model.4.m.3.cv2.bn.weight
Freezing model.model.4.m.3.cv2.bn.bias
Freezing model.model.4.m.4.cv1.conv.weight
Freezing model.model.4.m.4.cv1.bn.weight
Freezing model.model.4.m.4.cv1.bn.bias
Freezing model.model.4.m.4.cv2.conv.weight
Freezing model.model.4.m.4.cv2.bn.weight
Freezing model.model.4.m.4.cv2.bn.bias
Freezing model.model.4.m.5.cv1.conv.weight
Freezing model.model.4.m.5.cv1.bn.weight
Freezing model.model.4.m.5.cv1.bn.bias
Freezing model.model.4.m.5.cv2.conv.weight
Freezing model.model.4.m.5.cv2.bn.weight
Freezing model.model.4.m.5.cv2.bn.bias
Freezing model.model.5.cv1.conv.weight
Freezing model.model.5.cv1.bn.weight
Freezing model.model.5.cv1.bn.bias
Freezing model.model.5.cv2.conv.weight
Freezing model.model.5.cv2.bn.weight
Freezing model.model.5.cv2.bn.bias
Freezing model.model.6.cv1.conv.weight
Freezing model.model.6.cv1.bn.weight
Freezing model.model.6.cv1.bn.bias
Freezing model.model.6.cv2.conv.weight
Freezing model.model.6.cv2.bn.weight
Freezing model.model.6.cv2.bn.bias
Freezing model.model.6.m.0.cv1.0.conv.weight
Freezing model.model.6.m.0.cv1.0.bn.weight
Freezing model.model.6.m.0.cv1.0.bn.bias
Freezing model.model.6.m.0.cv1.1.conv.weight
Freezing model.model.6.m.0.cv1.1.bn.weight
Freezing model.model.6.m.0.cv1.1.bn.bias
Freezing model.model.6.m.0.cv1.2.conv.weight
Freezing model.model.6.m.0.cv1.2.bn.weight
Freezing model.model.6.m.0.cv1.2.bn.bias
Freezing model.model.6.m.0.cv1.3.conv.weight
Freezing model.model.6.m.0.cv1.3.bn.weight
Freezing model.model.6.m.0.cv1.3.bn.bias
Freezing model.model.6.m.0.cv1.4.conv.weight
Freezing model.model.6.m.0.cv1.4.bn.weight
Freezing model.model.6.m.0.cv1.4.bn.bias
Freezing model.model.6.m.1.cv1.0.conv.weight
Freezing model.model.6.m.1.cv1.0.bn.weight
Freezing model.model.6.m.1.cv1.0.bn.bias
Freezing model.model.6.m.1.cv1.1.conv.weight
Freezing model.model.6.m.1.cv1.1.bn.weight
Freezing model.model.6.m.1.cv1.1.bn.bias
Freezing model.model.6.m.1.cv1.2.conv.weight
Freezing model.model.6.m.1.cv1.2.bn.weight
Freezing model.model.6.m.1.cv1.2.bn.bias
Freezing model.model.6.m.1.cv1.3.conv.weight
Freezing model.model.6.m.1.cv1.3.bn.weight
Freezing model.model.6.m.1.cv1.3.bn.bias
Freezing model.model.6.m.1.cv1.4.conv.weight
Freezing model.model.6.m.1.cv1.4.bn.weight
Freezing model.model.6.m.1.cv1.4.bn.bias
Freezing model.model.6.m.2.cv1.0.conv.weight
Freezing model.model.6.m.2.cv1.0.bn.weight
Freezing model.model.6.m.2.cv1.0.bn.bias
Freezing model.model.6.m.2.cv1.1.conv.weight
Freezing model.model.6.m.2.cv1.1.bn.weight
Freezing model.model.6.m.2.cv1.1.bn.bias
Freezing model.model.6.m.2.cv1.2.conv.weight
Freezing model.model.6.m.2.cv1.2.bn.weight
Freezing model.model.6.m.2.cv1.2.bn.bias
Freezing model.model.6.m.2.cv1.3.conv.weight
Freezing model.model.6.m.2.cv1.3.bn.weight
Freezing model.model.6.m.2.cv1.3.bn.bias
Freezing model.model.6.m.2.cv1.4.conv.weight
Freezing model.model.6.m.2.cv1.4.bn.weight
Freezing model.model.6.m.2.cv1.4.bn.bias
Freezing model.model.6.m.3.cv1.0.conv.weight
Freezing model.model.6.m.3.cv1.0.bn.weight
Freezing model.model.6.m.3.cv1.0.bn.bias
Freezing model.model.6.m.3.cv1.1.conv.weight
Freezing model.model.6.m.3.cv1.1.bn.weight
Freezing model.model.6.m.3.cv1.1.bn.bias
Freezing model.model.6.m.3.cv1.2.conv.weight
Freezing model.model.6.m.3.cv1.2.bn.weight
Freezing model.model.6.m.3.cv1.2.bn.bias
Freezing model.model.6.m.3.cv1.3.conv.weight
Freezing model.model.6.m.3.cv1.3.bn.weight
Freezing model.model.6.m.3.cv1.3.bn.bias
Freezing model.model.6.m.3.cv1.4.conv.weight
Freezing model.model.6.m.3.cv1.4.bn.weight
Freezing model.model.6.m.3.cv1.4.bn.bias
Freezing model.model.6.m.4.cv1.0.conv.weight
Freezing model.model.6.m.4.cv1.0.bn.weight
Freezing model.model.6.m.4.cv1.0.bn.bias
Freezing model.model.6.m.4.cv1.1.conv.weight
Freezing model.model.6.m.4.cv1.1.bn.weight
Freezing model.model.6.m.4.cv1.1.bn.bias
Freezing model.model.6.m.4.cv1.2.conv.weight
Freezing model.model.6.m.4.cv1.2.bn.weight
Freezing model.model.6.m.4.cv1.2.bn.bias
Freezing model.model.6.m.4.cv1.3.conv.weight
Freezing model.model.6.m.4.cv1.3.bn.weight
Freezing model.model.6.m.4.cv1.3.bn.bias
Freezing model.model.6.m.4.cv1.4.conv.weight
Freezing model.model.6.m.4.cv1.4.bn.weight
Freezing model.model.6.m.4.cv1.4.bn.bias
Freezing model.model.6.m.5.cv1.0.conv.weight
Freezing model.model.6.m.5.cv1.0.bn.weight
Freezing model.model.6.m.5.cv1.0.bn.bias
Freezing model.model.6.m.5.cv1.1.conv.weight
Freezing model.model.6.m.5.cv1.1.bn.weight
Freezing model.model.6.m.5.cv1.1.bn.bias
Freezing model.model.6.m.5.cv1.2.conv.weight
Freezing model.model.6.m.5.cv1.2.bn.weight
Freezing model.model.6.m.5.cv1.2.bn.bias
Freezing model.model.6.m.5.cv1.3.conv.weight
Freezing model.model.6.m.5.cv1.3.bn.weight
Freezing model.model.6.m.5.cv1.3.bn.bias
Freezing model.model.6.m.5.cv1.4.conv.weight
Freezing model.model.6.m.5.cv1.4.bn.weight
Freezing model.model.6.m.5.cv1.4.bn.bias
Freezing model.model.7.cv1.conv.weight
Freezing model.model.7.cv1.bn.weight
Freezing model.model.7.cv1.bn.bias
Freezing model.model.7.cv2.conv.weight
Freezing model.model.7.cv2.bn.weight
Freezing model.model.7.cv2.bn.bias
Freezing model.model.8.cv1.conv.weight
Freezing model.model.8.cv1.bn.weight
Freezing model.model.8.cv1.bn.bias
Freezing model.model.8.cv2.conv.weight
Freezing model.model.8.cv2.bn.weight
Freezing model.model.8.cv2.bn.bias
Freezing model.model.8.m.0.cv1.0.conv.weight
Freezing model.model.8.m.0.cv1.0.bn.weight
Freezing model.model.8.m.0.cv1.0.bn.bias
Freezing model.model.8.m.0.cv1.1.conv.weight
Freezing model.model.8.m.0.cv1.1.bn.weight
Freezing model.model.8.m.0.cv1.1.bn.bias
Freezing model.model.8.m.0.cv1.2.conv.weight
Freezing model.model.8.m.0.cv1.2.bn.weight
Freezing model.model.8.m.0.cv1.2.bn.bias
Freezing model.model.8.m.0.cv1.3.conv.weight
Freezing model.model.8.m.0.cv1.3.bn.weight
Freezing model.model.8.m.0.cv1.3.bn.bias
Freezing model.model.8.m.0.cv1.4.conv.weight
Freezing model.model.8.m.0.cv1.4.bn.weight
Freezing model.model.8.m.0.cv1.4.bn.bias
Freezing model.model.8.m.1.cv1.0.conv.weight
Freezing model.model.8.m.1.cv1.0.bn.weight
Freezing model.model.8.m.1.cv1.0.bn.bias
Freezing model.model.8.m.1.cv1.1.conv.weight
Freezing model.model.8.m.1.cv1.1.bn.weight
Freezing model.model.8.m.1.cv1.1.bn.bias
Freezing model.model.8.m.1.cv1.2.conv.weight
Freezing model.model.8.m.1.cv1.2.bn.weight
Freezing model.model.8.m.1.cv1.2.bn.bias
Freezing model.model.8.m.1.cv1.3.conv.weight
Freezing model.model.8.m.1.cv1.3.bn.weight
Freezing model.model.8.m.1.cv1.3.bn.bias
Freezing model.model.8.m.1.cv1.4.conv.weight
Freezing model.model.8.m.1.cv1.4.bn.weight
Freezing model.model.8.m.1.cv1.4.bn.bias
Freezing model.model.8.m.2.cv1.0.conv.weight
Freezing model.model.8.m.2.cv1.0.bn.weight
Freezing model.model.8.m.2.cv1.0.bn.bias
Freezing model.model.8.m.2.cv1.1.conv.weight
Freezing model.model.8.m.2.cv1.1.bn.weight
Freezing model.model.8.m.2.cv1.1.bn.bias
Freezing model.model.8.m.2.cv1.2.conv.weight
Freezing model.model.8.m.2.cv1.2.bn.weight
Freezing model.model.8.m.2.cv1.2.bn.bias
Freezing model.model.8.m.2.cv1.3.conv.weight
Freezing model.model.8.m.2.cv1.3.bn.weight
Freezing model.model.8.m.2.cv1.3.bn.bias
Freezing model.model.8.m.2.cv1.4.conv.weight
Freezing model.model.8.m.2.cv1.4.bn.weight
Freezing model.model.8.m.2.cv1.4.bn.bias
Freezing model.model.9.cv1.conv.weight
Freezing model.model.9.cv1.bn.weight
Freezing model.model.9.cv1.bn.bias
Freezing model.model.9.cv2.conv.weight
Freezing model.model.9.cv2.bn.weight
Freezing model.model.9.cv2.bn.bias
Freezing model.model.10.cv1.conv.weight
Freezing model.model.10.cv1.bn.weight
Freezing model.model.10.cv1.bn.bias
Freezing model.model.10.cv2.conv.weight
Freezing model.model.10.cv2.bn.weight
Freezing model.model.10.cv2.bn.bias
Freezing model.model.10.attn.qkv.conv.weight
Freezing model.model.10.attn.qkv.bn.weight
Freezing model.model.10.attn.qkv.bn.bias
Freezing model.model.10.attn.proj.conv.weight
Freezing model.model.10.attn.proj.bn.weight
Freezing model.model.10.attn.proj.bn.bias
Freezing model.model.10.attn.pe.conv.weight
Freezing model.model.10.attn.pe.bn.weight
Freezing model.model.10.attn.pe.bn.bias
Freezing model.model.10.ffn.0.conv.weight
Freezing model.model.10.ffn.0.bn.weight
Freezing model.model.10.ffn.0.bn.bias
Freezing model.model.10.ffn.1.conv.weight
Freezing model.model.10.ffn.1.bn.weight
Freezing model.model.10.ffn.1.bn.bias
Freezing model.model.13.cv1.conv.weight
Freezing model.model.13.cv1.bn.weight
Freezing model.model.13.cv1.bn.bias
Freezing model.model.13.cv2.conv.weight
Freezing model.model.13.cv2.bn.weight
Freezing model.model.13.cv2.bn.bias
Freezing model.model.13.m.0.cv1.0.conv.weight
Freezing model.model.13.m.0.cv1.0.bn.weight
Freezing model.model.13.m.0.cv1.0.bn.bias
Freezing model.model.13.m.0.cv1.1.conv.weight
Freezing model.model.13.m.0.cv1.1.bn.weight
Freezing model.model.13.m.0.cv1.1.bn.bias
Freezing model.model.13.m.0.cv1.2.conv.weight
Freezing model.model.13.m.0.cv1.2.bn.weight
Freezing model.model.13.m.0.cv1.2.bn.bias
Freezing model.model.13.m.0.cv1.3.conv.weight
Freezing model.model.13.m.0.cv1.3.bn.weight
Freezing model.model.13.m.0.cv1.3.bn.bias
Freezing model.model.13.m.0.cv1.4.conv.weight
Freezing model.model.13.m.0.cv1.4.bn.weight
Freezing model.model.13.m.0.cv1.4.bn.bias
Freezing model.model.13.m.1.cv1.0.conv.weight
Freezing model.model.13.m.1.cv1.0.bn.weight
Freezing model.model.13.m.1.cv1.0.bn.bias
Freezing model.model.13.m.1.cv1.1.conv.weight
Freezing model.model.13.m.1.cv1.1.bn.weight
Freezing model.model.13.m.1.cv1.1.bn.bias
Freezing model.model.13.m.1.cv1.2.conv.weight
Freezing model.model.13.m.1.cv1.2.bn.weight
Freezing model.model.13.m.1.cv1.2.bn.bias
Freezing model.model.13.m.1.cv1.3.conv.weight
Freezing model.model.13.m.1.cv1.3.bn.weight
Freezing model.model.13.m.1.cv1.3.bn.bias
Freezing model.model.13.m.1.cv1.4.conv.weight
Freezing model.model.13.m.1.cv1.4.bn.weight
Freezing model.model.13.m.1.cv1.4.bn.bias
Freezing model.model.13.m.2.cv1.0.conv.weight
Freezing model.model.13.m.2.cv1.0.bn.weight
Freezing model.model.13.m.2.cv1.0.bn.bias
Freezing model.model.13.m.2.cv1.1.conv.weight
Freezing model.model.13.m.2.cv1.1.bn.weight
Freezing model.model.13.m.2.cv1.1.bn.bias
Freezing model.model.13.m.2.cv1.2.conv.weight
Freezing model.model.13.m.2.cv1.2.bn.weight
Freezing model.model.13.m.2.cv1.2.bn.bias
Freezing model.model.13.m.2.cv1.3.conv.weight
Freezing model.model.13.m.2.cv1.3.bn.weight
Freezing model.model.13.m.2.cv1.3.bn.bias
Freezing model.model.13.m.2.cv1.4.conv.weight
Freezing model.model.13.m.2.cv1.4.bn.weight
Freezing model.model.13.m.2.cv1.4.bn.bias
Freezing model.model.16.cv1.conv.weight
Freezing model.model.16.cv1.bn.weight
Freezing model.model.16.cv1.bn.bias
Freezing model.model.16.cv2.conv.weight
Freezing model.model.16.cv2.bn.weight
Freezing model.model.16.cv2.bn.bias
Freezing model.model.16.m.0.cv1.conv.weight
Freezing model.model.16.m.0.cv1.bn.weight
Freezing model.model.16.m.0.cv1.bn.bias
Freezing model.model.16.m.0.cv2.conv.weight
Freezing model.model.16.m.0.cv2.bn.weight
Freezing model.model.16.m.0.cv2.bn.bias
Freezing model.model.16.m.1.cv1.conv.weight
Freezing model.model.16.m.1.cv1.bn.weight
Freezing model.model.16.m.1.cv1.bn.bias
Freezing model.model.16.m.1.cv2.conv.weight
Freezing model.model.16.m.1.cv2.bn.weight
Freezing model.model.16.m.1.cv2.bn.bias
Freezing model.model.16.m.2.cv1.conv.weight
Freezing model.model.16.m.2.cv1.bn.weight
Freezing model.model.16.m.2.cv1.bn.bias
Freezing model.model.16.m.2.cv2.conv.weight
Freezing model.model.16.m.2.cv2.bn.weight
Freezing model.model.16.m.2.cv2.bn.bias
Freezing model.model.17.conv.weight
Freezing model.model.17.bn.weight
Freezing model.model.17.bn.bias
Freezing model.model.19.cv1.conv.weight
Freezing model.model.19.cv1.bn.weight
Freezing model.model.19.cv1.bn.bias
Freezing model.model.19.cv2.conv.weight
Freezing model.model.19.cv2.bn.weight
Freezing model.model.19.cv2.bn.bias
Freezing model.model.19.m.0.cv1.0.conv.weight
Freezing model.model.19.m.0.cv1.0.bn.weight
Freezing model.model.19.m.0.cv1.0.bn.bias
Freezing model.model.19.m.0.cv1.1.conv.weight
Freezing model.model.19.m.0.cv1.1.bn.weight
Freezing model.model.19.m.0.cv1.1.bn.bias
Freezing model.model.19.m.0.cv1.2.conv.weight
Freezing model.model.19.m.0.cv1.2.bn.weight
Freezing model.model.19.m.0.cv1.2.bn.bias
Freezing model.model.19.m.0.cv1.3.conv.weight
Freezing model.model.19.m.0.cv1.3.bn.weight
Freezing model.model.19.m.0.cv1.3.bn.bias
Freezing model.model.19.m.0.cv1.4.conv.weight
Freezing model.model.19.m.0.cv1.4.bn.weight
Freezing model.model.19.m.0.cv1.4.bn.bias
Freezing model.model.19.m.1.cv1.0.conv.weight
Freezing model.model.19.m.1.cv1.0.bn.weight
Freezing model.model.19.m.1.cv1.0.bn.bias
Freezing model.model.19.m.1.cv1.1.conv.weight
Freezing model.model.19.m.1.cv1.1.bn.weight
Freezing model.model.19.m.1.cv1.1.bn.bias
Freezing model.model.19.m.1.cv1.2.conv.weight
Freezing model.model.19.m.1.cv1.2.bn.weight
Freezing model.model.19.m.1.cv1.2.bn.bias
Freezing model.model.19.m.1.cv1.3.conv.weight
Freezing model.model.19.m.1.cv1.3.bn.weight
Freezing model.model.19.m.1.cv1.3.bn.bias
Freezing model.model.19.m.1.cv1.4.conv.weight
Freezing model.model.19.m.1.cv1.4.bn.weight
Freezing model.model.19.m.1.cv1.4.bn.bias
Freezing model.model.19.m.2.cv1.0.conv.weight
Freezing model.model.19.m.2.cv1.0.bn.weight
Freezing model.model.19.m.2.cv1.0.bn.bias
Freezing model.model.19.m.2.cv1.1.conv.weight
Freezing model.model.19.m.2.cv1.1.bn.weight
Freezing model.model.19.m.2.cv1.1.bn.bias
Freezing model.model.19.m.2.cv1.2.conv.weight
Freezing model.model.19.m.2.cv1.2.bn.weight
Freezing model.model.19.m.2.cv1.2.bn.bias
Freezing model.model.19.m.2.cv1.3.conv.weight
Freezing model.model.19.m.2.cv1.3.bn.weight
Freezing model.model.19.m.2.cv1.3.bn.bias
Freezing model.model.19.m.2.cv1.4.conv.weight
Freezing model.model.19.m.2.cv1.4.bn.weight
Freezing model.model.19.m.2.cv1.4.bn.bias
Freezing model.model.20.cv1.conv.weight
Freezing model.model.20.cv1.bn.weight
Freezing model.model.20.cv1.bn.bias
Freezing model.model.20.cv2.conv.weight
Freezing model.model.20.cv2.bn.weight
Freezing model.model.20.cv2.bn.bias
Freezing model.model.22.cv1.conv.weight
Freezing model.model.22.cv1.bn.weight
Freezing model.model.22.cv1.bn.bias
Freezing model.model.22.cv2.conv.weight
Freezing model.model.22.cv2.bn.weight
Freezing model.model.22.cv2.bn.bias
Freezing model.model.22.m.0.cv1.0.conv.weight
Freezing model.model.22.m.0.cv1.0.bn.weight
Freezing model.model.22.m.0.cv1.0.bn.bias
Freezing model.model.22.m.0.cv1.1.conv.weight
Freezing model.model.22.m.0.cv1.1.bn.weight
Freezing model.model.22.m.0.cv1.1.bn.bias
Freezing model.model.22.m.0.cv1.2.conv.weight
Freezing model.model.22.m.0.cv1.2.bn.weight
Freezing model.model.22.m.0.cv1.2.bn.bias
Freezing model.model.22.m.0.cv1.3.conv.weight
Freezing model.model.22.m.0.cv1.3.bn.weight
Freezing model.model.22.m.0.cv1.3.bn.bias
Freezing model.model.22.m.0.cv1.4.conv.weight
Freezing model.model.22.m.0.cv1.4.bn.weight
Freezing model.model.22.m.0.cv1.4.bn.bias
Freezing model.model.22.m.1.cv1.0.conv.weight
Freezing model.model.22.m.1.cv1.0.bn.weight
Freezing model.model.22.m.1.cv1.0.bn.bias
Freezing model.model.22.m.1.cv1.1.conv.weight
Freezing model.model.22.m.1.cv1.1.bn.weight
Freezing model.model.22.m.1.cv1.1.bn.bias
Freezing model.model.22.m.1.cv1.2.conv.weight
Freezing model.model.22.m.1.cv1.2.bn.weight
Freezing model.model.22.m.1.cv1.2.bn.bias
Freezing model.model.22.m.1.cv1.3.conv.weight
Freezing model.model.22.m.1.cv1.3.bn.weight
Freezing model.model.22.m.1.cv1.3.bn.bias
Freezing model.model.22.m.1.cv1.4.conv.weight
Freezing model.model.22.m.1.cv1.4.bn.weight
Freezing model.model.22.m.1.cv1.4.bn.bias
Freezing model.model.22.m.2.cv1.0.conv.weight
Freezing model.model.22.m.2.cv1.0.bn.weight
Freezing model.model.22.m.2.cv1.0.bn.bias
Freezing model.model.22.m.2.cv1.1.conv.weight
Freezing model.model.22.m.2.cv1.1.bn.weight
Freezing model.model.22.m.2.cv1.1.bn.bias
Freezing model.model.22.m.2.cv1.2.conv.weight
Freezing model.model.22.m.2.cv1.2.bn.weight
Freezing model.model.22.m.2.cv1.2.bn.bias
Freezing model.model.22.m.2.cv1.3.conv.weight
Freezing model.model.22.m.2.cv1.3.bn.weight
Freezing model.model.22.m.2.cv1.3.bn.bias
Freezing model.model.22.m.2.cv1.4.conv.weight
Freezing model.model.22.m.2.cv1.4.bn.weight
Freezing model.model.22.m.2.cv1.4.bn.bias
Ultralytics YOLOv8.2.54 🚀 Python-3.12.4 torch-2.3.1 
