True
Ultralytics YOLOv8.2.54 🚀 Python-3.12.4 torch-2.3.1 CUDA:0 (Tesla V100-SXM2-32GB, 32501MiB)
                                                     CUDA:1 (Tesla V100-SXM2-32GB, 32501MiB)
                                                     CUDA:2 (Tesla V100-SXM2-32GB, 32501MiB)
                                                     CUDA:3 (Tesla V100-SXM2-32GB, 32501MiB)
[34m[1mengine/trainer: [0mtask=detect, mode=train, model=/home/aamotyakin/yolov10x.pt, data=/home/aamotyakin/Dataset_wo_lime_broc_peas_spin_copy/TRAIN.yaml, epochs=200, time=None, patience=100, batch=64, imgsz=640, save=True, save_period=-1, cache=False, device=[0, 1, 2, 3], workers=8, project=None, name=yolov10_transfer_learning5, exist_ok=False, pretrained=True, optimizer=auto, verbose=True, seed=0, deterministic=True, single_cls=False, rect=False, cos_lr=False, close_mosaic=10, resume=False, amp=True, fraction=1.0, profile=False, freeze=None, multi_scale=False, overlap_mask=True, mask_ratio=4, dropout=0.0, val=True, split=val, save_json=False, save_hybrid=False, conf=None, iou=0.7, max_det=300, half=False, dnn=False, plots=True, source=None, vid_stride=1, stream_buffer=False, visualize=False, augment=False, agnostic_nms=False, classes=None, retina_masks=False, embed=None, show=False, save_frames=False, save_txt=False, save_conf=False, save_crop=False, show_labels=True, show_conf=True, show_boxes=True, line_width=None, format=torchscript, keras=False, optimize=False, int8=False, dynamic=False, simplify=False, opset=None, workspace=4, nms=False, lr0=0.01, lrf=0.01, momentum=0.937, weight_decay=0.0005, warmup_epochs=3.0, warmup_momentum=0.8, warmup_bias_lr=0.1, box=7.5, cls=0.5, dfl=1.5, pose=12.0, kobj=1.0, label_smoothing=0.0, nbs=64, hsv_h=0.015, hsv_s=0.7, hsv_v=0.4, degrees=0.0, translate=0.1, scale=0.5, shear=0.0, perspective=0.0, flipud=0.0, fliplr=0.5, bgr=0.0, mosaic=1.0, mixup=0.0, copy_paste=0.0, auto_augment=randaugment, erasing=0.4, crop_fraction=1.0, cfg=None, tracker=botsort.yaml, save_dir=runs/detect/yolov10_transfer_learning5
Overriding model.yaml nc=80 with nc=54

                   from  n    params  module                                       arguments                     
  0                  -1  1      2320  ultralytics.nn.modules.conv.Conv             [3, 80, 3, 2]                 
  1                  -1  1    115520  ultralytics.nn.modules.conv.Conv             [80, 160, 3, 2]               
  2                  -1  3    436800  ultralytics.nn.modules.block.C2f             [160, 160, 3, True]           
  3                  -1  1    461440  ultralytics.nn.modules.conv.Conv             [160, 320, 3, 2]              
  4                  -1  6   3281920  ultralytics.nn.modules.block.C2f             [320, 320, 6, True]           
  5                  -1  1    213120  ultralytics.nn.modules.block.SCDown          [320, 640, 3, 2]              
  6                  -1  6   4604160  ultralytics.nn.modules.block.C2fCIB          [640, 640, 6, True]           
  7                  -1  1    417920  ultralytics.nn.modules.block.SCDown          [640, 640, 3, 2]              
  8                  -1  3   2712960  ultralytics.nn.modules.block.C2fCIB          [640, 640, 3, True]           
  9                  -1  1   1025920  ultralytics.nn.modules.block.SPPF            [640, 640, 5]                 
 10                  -1  1   1545920  ultralytics.nn.modules.block.PSA             [640, 640]                    
 11                  -1  1         0  torch.nn.modules.upsampling.Upsample         [None, 2, 'nearest']          
 12             [-1, 6]  1         0  ultralytics.nn.modules.conv.Concat           [1]                           
 13                  -1  3   3122560  ultralytics.nn.modules.block.C2fCIB          [1280, 640, 3, True]          
 14                  -1  1         0  torch.nn.modules.upsampling.Upsample         [None, 2, 'nearest']          
 15             [-1, 4]  1         0  ultralytics.nn.modules.conv.Concat           [1]                           
 16                  -1  3   1948800  ultralytics.nn.modules.block.C2f             [960, 320, 3]                 
 17                  -1  1    922240  ultralytics.nn.modules.conv.Conv             [320, 320, 3, 2]              
 18            [-1, 13]  1         0  ultralytics.nn.modules.conv.Concat           [1]                           
 19                  -1  3   2917760  ultralytics.nn.modules.block.C2fCIB          [960, 640, 3, True]           
 20                  -1  1    417920  ultralytics.nn.modules.block.SCDown          [640, 640, 3, 2]              
 21            [-1, 10]  1         0  ultralytics.nn.modules.conv.Concat           [1]                           
 22                  -1  3   3122560  ultralytics.nn.modules.block.C2fCIB          [1280, 640, 3, True]          
 23        [16, 19, 22]  1   4489044  ultralytics.nn.modules.head.v10Detect        [54, [320, 640, 640]]         
YOLOv10x summary: 688 layers, 31758884 parameters, 31758868 gradients

Transferred 1123/1135 items from pretrained weights
[34m[1mDDP:[0m debug command /home/aamotyakin/.conda/envs/yolov8_new/bin/python -m torch.distributed.run --nproc_per_node 4 --master_port 42089 /home/aamotyakin/.config/Ultralytics/DDP/_temp_e4x03lyt140712437195520.py
Ultralytics YOLOv8.2.54 🚀 Python-3.12.4 torch-2.3.1 CUDA:0 (Tesla V100-SXM2-32GB, 32501MiB)
                                                     CUDA:1 (Tesla V100-SXM2-32GB, 32501MiB)
                                                     CUDA:2 (Tesla V100-SXM2-32GB, 32501MiB)
                                                     CUDA:3 (Tesla V100-SXM2-32GB, 32501MiB)
Overriding model.yaml nc=80 with nc=54
Transferred 1123/1135 items from pretrained weights
Freezing layer 'model.23.dfl.conv.weight'
[34m[1mAMP: [0mrunning Automatic Mixed Precision (AMP) checks with YOLOv8n...
Downloading https://github.com/ultralytics/assets/releases/download/v8.2.0/yolov8n.pt to 'yolov8n.pt'...
[34m[1mAMP: [0mchecks skipped ⚠️, offline and unable to download YOLOv8n. Setting 'amp=True'. If you experience zero-mAP or NaN losses you can disable AMP with amp=False.
[34m[1mtrain: [0mWARNING ⚠️ /home/aamotyakin/Dataset_wo_lime_broc_peas_spin_copy/train/images/1643898882980_jpg.rf.31746f4dcde9629f2dce7f7f35a49b8d.jpg: 1 duplicate labels removed
[34m[1mtrain: [0mWARNING ⚠️ /home/aamotyakin/Dataset_wo_lime_broc_peas_spin_copy/train/images/1643898882980_jpg.rf.ef9c1f67dc842ae33b9e68e71f4cce35.jpg: 1 duplicate labels removed
[34m[1mtrain: [0mWARNING ⚠️ /home/aamotyakin/Dataset_wo_lime_broc_peas_spin_copy/train/images/1643900395476_jpg.rf.524b539f4fd736383d70e9f37a837014.jpg: 1 duplicate labels removed
[34m[1mtrain: [0mWARNING ⚠️ /home/aamotyakin/Dataset_wo_lime_broc_peas_spin_copy/train/images/1d475085ea3bc219.jpg: 1 duplicate labels removed
[34m[1mtrain: [0mWARNING ⚠️ /home/aamotyakin/Dataset_wo_lime_broc_peas_spin_copy/train/images/1d475085ea3bc219_jpg.rf.8701e49776af0545f801add94ea7e8f0.jpg: 1 duplicate labels removed
[34m[1mtrain: [0mWARNING ⚠️ /home/aamotyakin/Dataset_wo_lime_broc_peas_spin_copy/train/images/264937d6cafb8679_jpg.rf.47206cdb9aecda0f70eccba49631d75f.jpg: 1 duplicate labels removed
[34m[1mtrain: [0mWARNING ⚠️ /home/aamotyakin/Dataset_wo_lime_broc_peas_spin_copy/train/images/2c8193947e475278_jpg.rf.a2d565f61b5e996a24667a25ed6158df.jpg: 1 duplicate labels removed
[34m[1mtrain: [0mWARNING ⚠️ /home/aamotyakin/Dataset_wo_lime_broc_peas_spin_copy/train/images/37b52505f9865f99.jpg: 1 duplicate labels removed
[34m[1mtrain: [0mWARNING ⚠️ /home/aamotyakin/Dataset_wo_lime_broc_peas_spin_copy/train/images/37b52505f9865f99_jpg.rf.5a52d4e4a47814b14092202fd72c67bc.jpg: 1 duplicate labels removed
[34m[1mtrain: [0mWARNING ⚠️ /home/aamotyakin/Dataset_wo_lime_broc_peas_spin_copy/train/images/38fe542b4330d7f8_jpg.rf.e119cec02796e56a0ca1960caa7aa385.jpg: 1 duplicate labels removed
[34m[1mtrain: [0mWARNING ⚠️ /home/aamotyakin/Dataset_wo_lime_broc_peas_spin_copy/train/images/3d8be4f881b8c54c.jpg: 1 duplicate labels removed
[34m[1mtrain: [0mWARNING ⚠️ /home/aamotyakin/Dataset_wo_lime_broc_peas_spin_copy/train/images/3d8be4f881b8c54c_jpg.rf.a9fae03c54701fb1d7fc90e5fa03179a.jpg: 1 duplicate labels removed
[34m[1mtrain: [0mWARNING ⚠️ /home/aamotyakin/Dataset_wo_lime_broc_peas_spin_copy/train/images/4a9f03277b0f9f8a.jpg: 1 duplicate labels removed
[34m[1mtrain: [0mWARNING ⚠️ /home/aamotyakin/Dataset_wo_lime_broc_peas_spin_copy/train/images/4a9f03277b0f9f8a_jpg.rf.56c9c1700f4d35784d6a5f8bf0ab472e.jpg: 1 duplicate labels removed
[34m[1mtrain: [0mWARNING ⚠️ /home/aamotyakin/Dataset_wo_lime_broc_peas_spin_copy/train/images/81c2f1ba005b3607_jpg.rf.d461d71b7b044818271c26e449831248.jpg: 1 duplicate labels removed
[34m[1mtrain: [0mWARNING ⚠️ /home/aamotyakin/Dataset_wo_lime_broc_peas_spin_copy/train/images/97275cca7be6692a.jpg: 1 duplicate labels removed
[34m[1mtrain: [0mWARNING ⚠️ /home/aamotyakin/Dataset_wo_lime_broc_peas_spin_copy/train/images/97275cca7be6692a_jpg.rf.09150fcbf548e1a6ff34594693187253.jpg: 1 duplicate labels removed
[34m[1mtrain: [0mWARNING ⚠️ /home/aamotyakin/Dataset_wo_lime_broc_peas_spin_copy/train/images/adc1a4d5e2ce4c8d_jpg.rf.59b2d54dc209cb1be4cd05957cddd708.jpg: 1 duplicate labels removed
[34m[1mtrain: [0mWARNING ⚠️ /home/aamotyakin/Dataset_wo_lime_broc_peas_spin_copy/train/images/ce65f77bc5abd893.jpg: 1 duplicate labels removed
[34m[1mtrain: [0mWARNING ⚠️ /home/aamotyakin/Dataset_wo_lime_broc_peas_spin_copy/train/images/ce65f77bc5abd893_jpg.rf.459294e8580c2a75750098d22c316ad9.jpg: 1 duplicate labels removed
[34m[1mtrain: [0mWARNING ⚠️ /home/aamotyakin/Dataset_wo_lime_broc_peas_spin_copy/train/images/fd975afc5fad69e8_jpg.rf.19540e02914704403b45df0453de81b7.jpg: 1 duplicate labels removed
WARNING ⚠️ Box and segment counts should be equal, but got len(segments) = 29252, len(boxes) = 263046. To resolve this only boxes will be used and all segments will be removed. To avoid this please supply either a detect or segment dataset, not a detect-segment mixed dataset.
[34m[1malbumentations: [0mBlur(p=0.01, blur_limit=(3, 7)), MedianBlur(p=0.01, blur_limit=(3, 7)), ToGray(p=0.01), CLAHE(p=0.01, clip_limit=(1, 4.0), tile_grid_size=(8, 8))
[34m[1mval: [0mWARNING ⚠️ /home/aamotyakin/Dataset_wo_lime_broc_peas_spin_copy/val/images/15f908c12e4954ac.jpg: 1 duplicate labels removed
[34m[1mval: [0mWARNING ⚠️ /home/aamotyakin/Dataset_wo_lime_broc_peas_spin_copy/val/images/3d3ddc3054b32eb7.jpg: 1 duplicate labels removed
[34m[1mval: [0mWARNING ⚠️ /home/aamotyakin/Dataset_wo_lime_broc_peas_spin_copy/val/images/3d3ddc3054b32eb7_jpg.rf.9e61d3ba121c94cf48f14efcc9c10d23.jpg: 1 duplicate labels removed
[34m[1mval: [0mWARNING ⚠️ /home/aamotyakin/Dataset_wo_lime_broc_peas_spin_copy/val/images/81c2f1ba005b3607.jpg: 1 duplicate labels removed
WARNING ⚠️ Box and segment counts should be equal, but got len(segments) = 6857, len(boxes) = 65518. To resolve this only boxes will be used and all segments will be removed. To avoid this please supply either a detect or segment dataset, not a detect-segment mixed dataset.
Plotting labels to runs/detect/yolov10_transfer_learning5/labels.jpg... 
[34m[1moptimizer:[0m 'optimizer=auto' found, ignoring 'lr0=0.01' and 'momentum=0.937' and determining best 'optimizer', 'lr0' and 'momentum' automatically... 
[34m[1moptimizer:[0m SGD(lr=0.01, momentum=0.9) with parameter groups 185 weight(decay=0.0), 198 weight(decay=0.0005), 197 bias(decay=0.0)
Image sizes 640 train, 640 val
Using 32 dataloader workers
Logging results to [1mruns/detect/yolov10_transfer_learning5[0m
Starting training for 200 epochs...

      Epoch    GPU_mem   box_loss   cls_loss   dfl_loss  Instances       Size
                   all      19092      65518      0.576      0.417      0.428      0.298

      Epoch    GPU_mem   box_loss   cls_loss   dfl_loss  Instances       Size
                   all      19092      65518      0.529       0.41      0.398      0.265

      Epoch    GPU_mem   box_loss   cls_loss   dfl_loss  Instances       Size
                   all      19092      65518       0.48      0.318      0.295      0.188

      Epoch    GPU_mem   box_loss   cls_loss   dfl_loss  Instances       Size
                   all      19092      65518      0.569      0.478      0.489      0.334

      Epoch    GPU_mem   box_loss   cls_loss   dfl_loss  Instances       Size
                   all      19092      65518      0.632      0.538      0.569      0.401

      Epoch    GPU_mem   box_loss   cls_loss   dfl_loss  Instances       Size
                   all      19092      65518      0.654      0.569      0.606      0.433

      Epoch    GPU_mem   box_loss   cls_loss   dfl_loss  Instances       Size
                   all      19092      65518      0.688      0.587      0.649       0.47

      Epoch    GPU_mem   box_loss   cls_loss   dfl_loss  Instances       Size
                   all      19092      65518      0.659      0.633      0.677      0.497

      Epoch    GPU_mem   box_loss   cls_loss   dfl_loss  Instances       Size
                   all      19092      65518      0.719       0.64      0.695      0.513

      Epoch    GPU_mem   box_loss   cls_loss   dfl_loss  Instances       Size
                   all      19092      65518      0.689      0.656      0.706      0.526

      Epoch    GPU_mem   box_loss   cls_loss   dfl_loss  Instances       Size
                   all      19092      65518      0.717      0.664       0.72      0.538

      Epoch    GPU_mem   box_loss   cls_loss   dfl_loss  Instances       Size
                   all      19092      65518      0.714      0.672      0.725      0.546

      Epoch    GPU_mem   box_loss   cls_loss   dfl_loss  Instances       Size
                   all      19092      65518      0.711      0.687      0.733      0.554

      Epoch    GPU_mem   box_loss   cls_loss   dfl_loss  Instances       Size
                   all      19092      65518      0.746      0.672      0.738      0.558

      Epoch    GPU_mem   box_loss   cls_loss   dfl_loss  Instances       Size
                   all      19092      65518      0.727      0.692      0.742      0.562

      Epoch    GPU_mem   box_loss   cls_loss   dfl_loss  Instances       Size
                   all      19092      65518      0.731      0.694      0.746      0.566

      Epoch    GPU_mem   box_loss   cls_loss   dfl_loss  Instances       Size
                   all      19092      65518      0.736      0.693      0.747      0.568

      Epoch    GPU_mem   box_loss   cls_loss   dfl_loss  Instances       Size
                   all      19092      65518      0.744      0.693      0.748       0.57

      Epoch    GPU_mem   box_loss   cls_loss   dfl_loss  Instances       Size
                   all      19092      65518      0.742      0.698      0.751      0.572

      Epoch    GPU_mem   box_loss   cls_loss   dfl_loss  Instances       Size
                   all      19092      65518      0.748      0.697      0.752      0.574

      Epoch    GPU_mem   box_loss   cls_loss   dfl_loss  Instances       Size
                   all      19092      65518      0.751      0.699      0.755      0.576

      Epoch    GPU_mem   box_loss   cls_loss   dfl_loss  Instances       Size
                   all      19092      65518       0.75        0.7      0.756      0.579

      Epoch    GPU_mem   box_loss   cls_loss   dfl_loss  Instances       Size
                   all      19092      65518      0.746      0.703      0.758      0.581

      Epoch    GPU_mem   box_loss   cls_loss   dfl_loss  Instances       Size
                   all      19092      65518      0.759      0.695      0.759      0.582

      Epoch    GPU_mem   box_loss   cls_loss   dfl_loss  Instances       Size
                   all      19092      65518      0.734      0.701      0.754      0.578

      Epoch    GPU_mem   box_loss   cls_loss   dfl_loss  Instances       Size
                   all      19092      65518      0.712      0.698       0.75      0.574

      Epoch    GPU_mem   box_loss   cls_loss   dfl_loss  Instances       Size
                   all      19092      65518      0.723      0.711      0.758      0.582

      Epoch    GPU_mem   box_loss   cls_loss   dfl_loss  Instances       Size
                   all      19092      65518      0.736      0.715      0.763      0.587

      Epoch    GPU_mem   box_loss   cls_loss   dfl_loss  Instances       Size
                   all      19092      65518      0.747      0.715      0.767      0.591

      Epoch    GPU_mem   box_loss   cls_loss   dfl_loss  Instances       Size
                   all      19092      65518      0.755      0.713      0.769      0.593

      Epoch    GPU_mem   box_loss   cls_loss   dfl_loss  Instances       Size
                   all      19092      65518      0.759       0.71       0.77      0.593

      Epoch    GPU_mem   box_loss   cls_loss   dfl_loss  Instances       Size
                   all      19092      65518      0.759      0.714      0.771      0.596

      Epoch    GPU_mem   box_loss   cls_loss   dfl_loss  Instances       Size
                   all      19092      65518      0.764      0.716      0.773      0.598

      Epoch    GPU_mem   box_loss   cls_loss   dfl_loss  Instances       Size
                   all      19092      65518      0.765       0.72      0.776        0.6

      Epoch    GPU_mem   box_loss   cls_loss   dfl_loss  Instances       Size
                   all      19092      65518      0.769      0.719      0.778      0.603

      Epoch    GPU_mem   box_loss   cls_loss   dfl_loss  Instances       Size
                   all      19092      65518      0.772      0.719       0.78      0.605

      Epoch    GPU_mem   box_loss   cls_loss   dfl_loss  Instances       Size
                   all      19092      65518      0.769      0.725      0.782      0.607

      Epoch    GPU_mem   box_loss   cls_loss   dfl_loss  Instances       Size
                   all      19092      65518      0.773      0.723      0.783      0.609

      Epoch    GPU_mem   box_loss   cls_loss   dfl_loss  Instances       Size
                   all      19092      65518      0.778      0.722      0.784      0.609

      Epoch    GPU_mem   box_loss   cls_loss   dfl_loss  Instances       Size
                   all      19092      65518      0.772      0.725      0.782      0.608

      Epoch    GPU_mem   box_loss   cls_loss   dfl_loss  Instances       Size
                   all      19092      65518      0.779      0.723      0.785      0.612

      Epoch    GPU_mem   box_loss   cls_loss   dfl_loss  Instances       Size
                   all      19092      65518      0.778      0.731      0.788      0.615

      Epoch    GPU_mem   box_loss   cls_loss   dfl_loss  Instances       Size
                   all      19092      65518      0.785      0.729      0.789      0.617

      Epoch    GPU_mem   box_loss   cls_loss   dfl_loss  Instances       Size
                   all      19092      65518      0.784      0.731       0.79      0.618

      Epoch    GPU_mem   box_loss   cls_loss   dfl_loss  Instances       Size
                   all      19092      65518       0.78      0.733      0.791       0.62

      Epoch    GPU_mem   box_loss   cls_loss   dfl_loss  Instances       Size
                   all      19092      65518      0.783      0.733      0.792      0.621

      Epoch    GPU_mem   box_loss   cls_loss   dfl_loss  Instances       Size
                   all      19092      65518      0.781      0.737      0.793      0.623

      Epoch    GPU_mem   box_loss   cls_loss   dfl_loss  Instances       Size
                   all      19092      65518      0.784      0.736      0.795      0.624

      Epoch    GPU_mem   box_loss   cls_loss   dfl_loss  Instances       Size
                   all      19092      65518      0.784      0.736      0.795      0.625

      Epoch    GPU_mem   box_loss   cls_loss   dfl_loss  Instances       Size
                   all      19092      65518      0.789      0.736      0.796      0.626

      Epoch    GPU_mem   box_loss   cls_loss   dfl_loss  Instances       Size
                   all      19092      65518      0.794      0.735      0.797      0.627

      Epoch    GPU_mem   box_loss   cls_loss   dfl_loss  Instances       Size
                   all      19092      65518      0.789      0.739      0.797      0.627

      Epoch    GPU_mem   box_loss   cls_loss   dfl_loss  Instances       Size
                   all      19092      65518      0.788       0.74      0.798      0.629

      Epoch    GPU_mem   box_loss   cls_loss   dfl_loss  Instances       Size
                   all      19092      65518      0.789      0.739      0.799       0.63

      Epoch    GPU_mem   box_loss   cls_loss   dfl_loss  Instances       Size
                   all      19092      65518      0.787      0.744      0.799      0.631

      Epoch    GPU_mem   box_loss   cls_loss   dfl_loss  Instances       Size
                   all      19092      65518      0.794      0.738        0.8      0.632

      Epoch    GPU_mem   box_loss   cls_loss   dfl_loss  Instances       Size
                   all      19092      65518      0.794       0.74      0.801      0.632

      Epoch    GPU_mem   box_loss   cls_loss   dfl_loss  Instances       Size
                   all      19092      65518      0.788      0.743      0.801      0.633

      Epoch    GPU_mem   box_loss   cls_loss   dfl_loss  Instances       Size
                   all      19092      65518      0.795      0.738      0.801      0.633

      Epoch    GPU_mem   box_loss   cls_loss   dfl_loss  Instances       Size
                   all      19092      65518      0.801      0.736      0.802      0.635

      Epoch    GPU_mem   box_loss   cls_loss   dfl_loss  Instances       Size
                   all      19092      65518      0.801      0.735      0.802      0.635

      Epoch    GPU_mem   box_loss   cls_loss   dfl_loss  Instances       Size
                   all      19092      65518      0.801      0.738      0.803      0.636

      Epoch    GPU_mem   box_loss   cls_loss   dfl_loss  Instances       Size
                   all      19092      65518        0.8      0.739      0.804      0.637

      Epoch    GPU_mem   box_loss   cls_loss   dfl_loss  Instances       Size
                   all      19092      65518      0.799      0.741      0.804      0.638

      Epoch    GPU_mem   box_loss   cls_loss   dfl_loss  Instances       Size
                   all      19092      65518      0.803      0.739      0.805      0.639

      Epoch    GPU_mem   box_loss   cls_loss   dfl_loss  Instances       Size
                   all      19092      65518      0.803      0.741      0.806       0.64

      Epoch    GPU_mem   box_loss   cls_loss   dfl_loss  Instances       Size
                   all      19092      65518      0.802       0.74      0.806      0.641

      Epoch    GPU_mem   box_loss   cls_loss   dfl_loss  Instances       Size
                   all      19092      65518      0.798      0.746      0.806      0.641

      Epoch    GPU_mem   box_loss   cls_loss   dfl_loss  Instances       Size
                   all      19092      65518      0.803      0.744      0.807      0.642

      Epoch    GPU_mem   box_loss   cls_loss   dfl_loss  Instances       Size
                   all      19092      65518        0.8      0.748      0.807      0.643

      Epoch    GPU_mem   box_loss   cls_loss   dfl_loss  Instances       Size
                   all      19092      65518      0.801       0.75      0.808      0.644

      Epoch    GPU_mem   box_loss   cls_loss   dfl_loss  Instances       Size
                   all      19092      65518        0.8      0.752      0.808      0.644

      Epoch    GPU_mem   box_loss   cls_loss   dfl_loss  Instances       Size
                   all      19092      65518      0.805       0.75      0.809      0.645

      Epoch    GPU_mem   box_loss   cls_loss   dfl_loss  Instances       Size
                   all      19092      65518      0.804      0.752       0.81      0.646

      Epoch    GPU_mem   box_loss   cls_loss   dfl_loss  Instances       Size
                   all      19092      65518      0.809       0.75       0.81      0.647

      Epoch    GPU_mem   box_loss   cls_loss   dfl_loss  Instances       Size
                   all      19092      65518      0.806       0.75       0.81      0.647

      Epoch    GPU_mem   box_loss   cls_loss   dfl_loss  Instances       Size
                   all      19092      65518      0.804      0.751       0.81      0.647

      Epoch    GPU_mem   box_loss   cls_loss   dfl_loss  Instances       Size
                   all      19092      65518      0.802      0.752      0.811      0.648

      Epoch    GPU_mem   box_loss   cls_loss   dfl_loss  Instances       Size
                   all      19092      65518      0.803      0.753      0.812       0.65

      Epoch    GPU_mem   box_loss   cls_loss   dfl_loss  Instances       Size
                   all      19092      65518      0.804      0.753      0.812      0.651

      Epoch    GPU_mem   box_loss   cls_loss   dfl_loss  Instances       Size
                   all      19092      65518      0.804      0.755      0.813      0.651

      Epoch    GPU_mem   box_loss   cls_loss   dfl_loss  Instances       Size
                   all      19092      65518      0.796      0.759      0.813      0.652

      Epoch    GPU_mem   box_loss   cls_loss   dfl_loss  Instances       Size
                   all      19092      65518      0.799      0.759      0.813      0.652

      Epoch    GPU_mem   box_loss   cls_loss   dfl_loss  Instances       Size
                   all      19092      65518      0.801      0.759      0.814      0.652

      Epoch    GPU_mem   box_loss   cls_loss   dfl_loss  Instances       Size
                   all      19092      65518      0.805      0.755      0.814      0.653

      Epoch    GPU_mem   box_loss   cls_loss   dfl_loss  Instances       Size
                   all      19092      65518      0.812       0.75      0.815      0.654

      Epoch    GPU_mem   box_loss   cls_loss   dfl_loss  Instances       Size
                   all      19092      65518      0.811       0.75      0.815      0.654

      Epoch    GPU_mem   box_loss   cls_loss   dfl_loss  Instances       Size
                   all      19092      65518      0.813      0.752      0.815      0.655

      Epoch    GPU_mem   box_loss   cls_loss   dfl_loss  Instances       Size
                   all      19092      65518      0.806      0.756      0.816      0.656

      Epoch    GPU_mem   box_loss   cls_loss   dfl_loss  Instances       Size
                   all      19092      65518      0.809      0.759      0.817      0.657

      Epoch    GPU_mem   box_loss   cls_loss   dfl_loss  Instances       Size
                   all      19092      65518      0.811      0.755      0.817      0.657

      Epoch    GPU_mem   box_loss   cls_loss   dfl_loss  Instances       Size
                   all      19092      65518      0.804      0.761      0.818      0.659

      Epoch    GPU_mem   box_loss   cls_loss   dfl_loss  Instances       Size
                   all      19092      65518      0.808       0.76      0.819       0.66

      Epoch    GPU_mem   box_loss   cls_loss   dfl_loss  Instances       Size
                   all      19092      65518      0.809      0.762      0.819       0.66

      Epoch    GPU_mem   box_loss   cls_loss   dfl_loss  Instances       Size
                   all      19092      65518       0.81      0.762       0.82      0.661

      Epoch    GPU_mem   box_loss   cls_loss   dfl_loss  Instances       Size
                   all      19092      65518       0.81      0.764       0.82      0.661

      Epoch    GPU_mem   box_loss   cls_loss   dfl_loss  Instances       Size
                   all      19092      65518      0.815      0.761      0.821      0.662

      Epoch    GPU_mem   box_loss   cls_loss   dfl_loss  Instances       Size
                   all      19092      65518      0.819      0.759      0.822      0.662

      Epoch    GPU_mem   box_loss   cls_loss   dfl_loss  Instances       Size
                   all      19092      65518      0.815      0.762      0.822      0.663

      Epoch    GPU_mem   box_loss   cls_loss   dfl_loss  Instances       Size
                   all      19092      65518      0.816      0.763      0.823      0.664

      Epoch    GPU_mem   box_loss   cls_loss   dfl_loss  Instances       Size
                   all      19092      65518      0.815      0.766      0.823      0.664

      Epoch    GPU_mem   box_loss   cls_loss   dfl_loss  Instances       Size
                   all      19092      65518      0.812      0.768      0.824      0.665

      Epoch    GPU_mem   box_loss   cls_loss   dfl_loss  Instances       Size
                   all      19092      65518      0.815      0.767      0.824      0.666

      Epoch    GPU_mem   box_loss   cls_loss   dfl_loss  Instances       Size
                   all      19092      65518       0.81      0.769      0.825      0.667

      Epoch    GPU_mem   box_loss   cls_loss   dfl_loss  Instances       Size
                   all      19092      65518      0.815      0.769      0.826      0.667

      Epoch    GPU_mem   box_loss   cls_loss   dfl_loss  Instances       Size
                   all      19092      65518      0.818      0.766      0.825      0.667

      Epoch    GPU_mem   box_loss   cls_loss   dfl_loss  Instances       Size
                   all      19092      65518      0.821      0.765      0.825      0.668

      Epoch    GPU_mem   box_loss   cls_loss   dfl_loss  Instances       Size
                   all      19092      65518      0.817      0.771      0.826      0.669

      Epoch    GPU_mem   box_loss   cls_loss   dfl_loss  Instances       Size
                   all      19092      65518      0.818      0.771      0.827      0.669

      Epoch    GPU_mem   box_loss   cls_loss   dfl_loss  Instances       Size
                   all      19092      65518      0.817       0.77      0.827       0.67

      Epoch    GPU_mem   box_loss   cls_loss   dfl_loss  Instances       Size
                   all      19092      65518      0.818      0.771      0.828      0.671

      Epoch    GPU_mem   box_loss   cls_loss   dfl_loss  Instances       Size
                   all      19092      65518      0.823      0.768      0.828      0.672

      Epoch    GPU_mem   box_loss   cls_loss   dfl_loss  Instances       Size
                   all      19092      65518      0.821       0.77      0.828      0.672

      Epoch    GPU_mem   box_loss   cls_loss   dfl_loss  Instances       Size
                   all      19092      65518      0.811      0.777      0.828      0.673

      Epoch    GPU_mem   box_loss   cls_loss   dfl_loss  Instances       Size
                   all      19092      65518      0.805      0.784      0.829      0.674

      Epoch    GPU_mem   box_loss   cls_loss   dfl_loss  Instances       Size
                   all      19092      65518      0.817      0.776      0.828      0.674

      Epoch    GPU_mem   box_loss   cls_loss   dfl_loss  Instances       Size
                   all      19092      65518      0.817      0.774      0.828      0.674

      Epoch    GPU_mem   box_loss   cls_loss   dfl_loss  Instances       Size
                   all      19092      65518      0.816      0.776      0.828      0.674

      Epoch    GPU_mem   box_loss   cls_loss   dfl_loss  Instances       Size
                   all      19092      65518      0.815      0.777      0.829      0.675

      Epoch    GPU_mem   box_loss   cls_loss   dfl_loss  Instances       Size
                   all      19092      65518      0.814      0.779      0.829      0.675

      Epoch    GPU_mem   box_loss   cls_loss   dfl_loss  Instances       Size
                   all      19092      65518      0.811      0.781       0.83      0.676

      Epoch    GPU_mem   box_loss   cls_loss   dfl_loss  Instances       Size
                   all      19092      65518      0.818      0.777       0.83      0.677

      Epoch    GPU_mem   box_loss   cls_loss   dfl_loss  Instances       Size
                   all      19092      65518       0.81      0.781       0.83      0.677

      Epoch    GPU_mem   box_loss   cls_loss   dfl_loss  Instances       Size
                   all      19092      65518      0.813      0.779      0.831      0.678

      Epoch    GPU_mem   box_loss   cls_loss   dfl_loss  Instances       Size
                   all      19092      65518      0.808      0.785      0.831      0.678

      Epoch    GPU_mem   box_loss   cls_loss   dfl_loss  Instances       Size
                   all      19092      65518       0.81      0.785      0.831      0.679

      Epoch    GPU_mem   box_loss   cls_loss   dfl_loss  Instances       Size
                   all      19092      65518      0.813      0.783      0.831      0.679

      Epoch    GPU_mem   box_loss   cls_loss   dfl_loss  Instances       Size
                   all      19092      65518      0.822      0.775      0.832       0.68

      Epoch    GPU_mem   box_loss   cls_loss   dfl_loss  Instances       Size
                   all      19092      65518      0.824      0.775      0.832       0.68

      Epoch    GPU_mem   box_loss   cls_loss   dfl_loss  Instances       Size
                   all      19092      65518      0.824      0.775      0.832       0.68

      Epoch    GPU_mem   box_loss   cls_loss   dfl_loss  Instances       Size
                   all      19092      65518      0.826      0.771      0.832       0.68

      Epoch    GPU_mem   box_loss   cls_loss   dfl_loss  Instances       Size
                   all      19092      65518      0.826      0.772      0.832      0.681

      Epoch    GPU_mem   box_loss   cls_loss   dfl_loss  Instances       Size
                   all      19092      65518      0.828      0.771      0.832      0.681

      Epoch    GPU_mem   box_loss   cls_loss   dfl_loss  Instances       Size
                   all      19092      65518      0.826      0.772      0.831      0.681

      Epoch    GPU_mem   box_loss   cls_loss   dfl_loss  Instances       Size
                   all      19092      65518      0.826      0.774      0.831      0.682

      Epoch    GPU_mem   box_loss   cls_loss   dfl_loss  Instances       Size
                   all      19092      65518      0.835      0.766       0.83      0.681

      Epoch    GPU_mem   box_loss   cls_loss   dfl_loss  Instances       Size
                   all      19092      65518      0.829      0.771       0.83      0.682

      Epoch    GPU_mem   box_loss   cls_loss   dfl_loss  Instances       Size
                   all      19092      65518       0.83      0.771      0.831      0.682

      Epoch    GPU_mem   box_loss   cls_loss   dfl_loss  Instances       Size
                   all      19092      65518       0.83      0.772       0.83      0.682

      Epoch    GPU_mem   box_loss   cls_loss   dfl_loss  Instances       Size
                   all      19092      65518      0.835      0.768       0.83      0.682

      Epoch    GPU_mem   box_loss   cls_loss   dfl_loss  Instances       Size
                   all      19092      65518      0.834      0.767       0.83      0.682

      Epoch    GPU_mem   box_loss   cls_loss   dfl_loss  Instances       Size
                   all      19092      65518      0.827      0.773       0.83      0.683

      Epoch    GPU_mem   box_loss   cls_loss   dfl_loss  Instances       Size
                   all      19092      65518      0.833      0.768       0.83      0.683

      Epoch    GPU_mem   box_loss   cls_loss   dfl_loss  Instances       Size
                   all      19092      65518      0.824      0.777      0.831      0.684

      Epoch    GPU_mem   box_loss   cls_loss   dfl_loss  Instances       Size
                   all      19092      65518       0.83      0.774      0.832      0.685

      Epoch    GPU_mem   box_loss   cls_loss   dfl_loss  Instances       Size
                   all      19092      65518      0.831      0.775      0.831      0.684

      Epoch    GPU_mem   box_loss   cls_loss   dfl_loss  Instances       Size
                   all      19092      65518      0.832      0.774      0.832      0.685

      Epoch    GPU_mem   box_loss   cls_loss   dfl_loss  Instances       Size
                   all      19092      65518       0.83      0.776      0.832      0.686

      Epoch    GPU_mem   box_loss   cls_loss   dfl_loss  Instances       Size
                   all      19092      65518      0.831      0.775      0.832      0.686

      Epoch    GPU_mem   box_loss   cls_loss   dfl_loss  Instances       Size
                   all      19092      65518      0.827      0.779      0.832      0.686

      Epoch    GPU_mem   box_loss   cls_loss   dfl_loss  Instances       Size
                   all      19092      65518      0.827      0.777      0.831      0.686

      Epoch    GPU_mem   box_loss   cls_loss   dfl_loss  Instances       Size
                   all      19092      65518      0.832      0.773      0.831      0.686

      Epoch    GPU_mem   box_loss   cls_loss   dfl_loss  Instances       Size
                   all      19092      65518      0.824      0.779      0.831      0.687

      Epoch    GPU_mem   box_loss   cls_loss   dfl_loss  Instances       Size
                   all      19092      65518      0.827      0.776       0.83      0.687

      Epoch    GPU_mem   box_loss   cls_loss   dfl_loss  Instances       Size
                   all      19092      65518      0.826       0.78       0.83      0.688

      Epoch    GPU_mem   box_loss   cls_loss   dfl_loss  Instances       Size
                   all      19092      65518      0.826      0.781      0.831      0.688

      Epoch    GPU_mem   box_loss   cls_loss   dfl_loss  Instances       Size
                   all      19092      65518      0.829      0.778      0.831      0.689

      Epoch    GPU_mem   box_loss   cls_loss   dfl_loss  Instances       Size
                   all      19092      65518      0.832      0.776      0.831      0.689

      Epoch    GPU_mem   box_loss   cls_loss   dfl_loss  Instances       Size
                   all      19092      65518      0.837      0.773      0.832      0.689

      Epoch    GPU_mem   box_loss   cls_loss   dfl_loss  Instances       Size
                   all      19092      65518      0.833      0.778      0.832       0.69

      Epoch    GPU_mem   box_loss   cls_loss   dfl_loss  Instances       Size
                   all      19092      65518      0.832      0.781      0.833      0.691

      Epoch    GPU_mem   box_loss   cls_loss   dfl_loss  Instances       Size
                   all      19092      65518      0.833      0.778      0.833      0.692

      Epoch    GPU_mem   box_loss   cls_loss   dfl_loss  Instances       Size
                   all      19092      65518      0.827      0.784      0.833      0.692

      Epoch    GPU_mem   box_loss   cls_loss   dfl_loss  Instances       Size
                   all      19092      65518      0.827      0.783      0.833      0.692

      Epoch    GPU_mem   box_loss   cls_loss   dfl_loss  Instances       Size
                   all      19092      65518      0.826      0.785      0.833      0.692

      Epoch    GPU_mem   box_loss   cls_loss   dfl_loss  Instances       Size
                   all      19092      65518      0.828      0.783      0.834      0.693

      Epoch    GPU_mem   box_loss   cls_loss   dfl_loss  Instances       Size
                   all      19092      65518       0.83      0.783      0.834      0.694

      Epoch    GPU_mem   box_loss   cls_loss   dfl_loss  Instances       Size
                   all      19092      65518      0.829      0.786      0.834      0.694

      Epoch    GPU_mem   box_loss   cls_loss   dfl_loss  Instances       Size
                   all      19092      65518      0.827      0.787      0.834      0.694

      Epoch    GPU_mem   box_loss   cls_loss   dfl_loss  Instances       Size
                   all      19092      65518      0.833      0.781      0.833      0.694

      Epoch    GPU_mem   box_loss   cls_loss   dfl_loss  Instances       Size
                   all      19092      65518      0.839      0.777      0.834      0.695

      Epoch    GPU_mem   box_loss   cls_loss   dfl_loss  Instances       Size
                   all      19092      65518      0.832      0.782      0.833      0.694

      Epoch    GPU_mem   box_loss   cls_loss   dfl_loss  Instances       Size
                   all      19092      65518      0.835       0.78      0.833      0.695

      Epoch    GPU_mem   box_loss   cls_loss   dfl_loss  Instances       Size
                   all      19092      65518      0.837      0.778      0.833      0.695

      Epoch    GPU_mem   box_loss   cls_loss   dfl_loss  Instances       Size
                   all      19092      65518      0.838      0.776      0.833      0.695

      Epoch    GPU_mem   box_loss   cls_loss   dfl_loss  Instances       Size
                   all      19092      65518      0.829      0.782      0.832      0.696

      Epoch    GPU_mem   box_loss   cls_loss   dfl_loss  Instances       Size
                   all      19092      65518      0.839      0.772      0.832      0.696

      Epoch    GPU_mem   box_loss   cls_loss   dfl_loss  Instances       Size
                   all      19092      65518      0.829      0.779      0.832      0.696

      Epoch    GPU_mem   box_loss   cls_loss   dfl_loss  Instances       Size
                   all      19092      65518      0.827       0.78      0.831      0.695

      Epoch    GPU_mem   box_loss   cls_loss   dfl_loss  Instances       Size
                   all      19092      65518       0.83      0.779      0.831      0.695

      Epoch    GPU_mem   box_loss   cls_loss   dfl_loss  Instances       Size
                   all      19092      65518      0.824      0.784       0.83      0.696

      Epoch    GPU_mem   box_loss   cls_loss   dfl_loss  Instances       Size
                   all      19092      65518      0.829      0.778       0.83      0.696

      Epoch    GPU_mem   box_loss   cls_loss   dfl_loss  Instances       Size
                   all      19092      65518      0.826      0.779      0.829      0.696

      Epoch    GPU_mem   box_loss   cls_loss   dfl_loss  Instances       Size
                   all      19092      65518      0.825       0.78       0.83      0.696

      Epoch    GPU_mem   box_loss   cls_loss   dfl_loss  Instances       Size
                   all      19092      65518      0.826      0.777      0.829      0.696

      Epoch    GPU_mem   box_loss   cls_loss   dfl_loss  Instances       Size
                   all      19092      65518       0.83      0.776      0.829      0.696

      Epoch    GPU_mem   box_loss   cls_loss   dfl_loss  Instances       Size
                   all      19092      65518       0.83      0.775      0.828      0.696

      Epoch    GPU_mem   box_loss   cls_loss   dfl_loss  Instances       Size
                   all      19092      65518      0.832      0.774      0.829      0.696

      Epoch    GPU_mem   box_loss   cls_loss   dfl_loss  Instances       Size
                   all      19092      65518      0.836      0.773      0.829      0.697

      Epoch    GPU_mem   box_loss   cls_loss   dfl_loss  Instances       Size
                   all      19092      65518      0.837      0.771      0.829      0.696
Closing dataloader mosaic
[34m[1malbumentations: [0mBlur(p=0.01, blur_limit=(3, 7)), MedianBlur(p=0.01, blur_limit=(3, 7)), ToGray(p=0.01), CLAHE(p=0.01, clip_limit=(1, 4.0), tile_grid_size=(8, 8))

      Epoch    GPU_mem   box_loss   cls_loss   dfl_loss  Instances       Size
                   all      19092      65518      0.829      0.778      0.828      0.696

      Epoch    GPU_mem   box_loss   cls_loss   dfl_loss  Instances       Size
                   all      19092      65518      0.829      0.777      0.827      0.696

      Epoch    GPU_mem   box_loss   cls_loss   dfl_loss  Instances       Size
                   all      19092      65518      0.829      0.777      0.827      0.696

      Epoch    GPU_mem   box_loss   cls_loss   dfl_loss  Instances       Size
                   all      19092      65518      0.825      0.781      0.827      0.696

      Epoch    GPU_mem   box_loss   cls_loss   dfl_loss  Instances       Size
                   all      19092      65518       0.83      0.777      0.826      0.697

      Epoch    GPU_mem   box_loss   cls_loss   dfl_loss  Instances       Size
                   all      19092      65518      0.825      0.779      0.826      0.697

      Epoch    GPU_mem   box_loss   cls_loss   dfl_loss  Instances       Size
                   all      19092      65518      0.835      0.773      0.826      0.696

      Epoch    GPU_mem   box_loss   cls_loss   dfl_loss  Instances       Size
                   all      19092      65518      0.832      0.774      0.825      0.696

      Epoch    GPU_mem   box_loss   cls_loss   dfl_loss  Instances       Size
                   all      19092      65518      0.826      0.779      0.825      0.696

      Epoch    GPU_mem   box_loss   cls_loss   dfl_loss  Instances       Size
                   all      19092      65518      0.827      0.778      0.824      0.696

200 epochs completed in 52.237 hours.
Optimizer stripped from runs/detect/yolov10_transfer_learning5/weights/last.pt, 64.3MB
Optimizer stripped from runs/detect/yolov10_transfer_learning5/weights/best.pt, 64.3MB

Validating runs/detect/yolov10_transfer_learning5/weights/best.pt...
Ultralytics YOLOv8.2.54 🚀 Python-3.12.4 torch-2.3.1 CUDA:0 (Tesla V100-SXM2-32GB, 32501MiB)
                                                     CUDA:1 (Tesla V100-SXM2-32GB, 32501MiB)
                                                     CUDA:2 (Tesla V100-SXM2-32GB, 32501MiB)
                                                     CUDA:3 (Tesla V100-SXM2-32GB, 32501MiB)
YOLOv10x summary (fused): 503 layers, 31688084 parameters, 0 gradients
                   all      19092      65518      0.836      0.773      0.829      0.697
            watermelon        771       2354      0.907      0.844      0.907      0.772
                 apple       1032       3652       0.77      0.634      0.719      0.577
                banana        991       2978      0.719      0.484      0.562      0.412
               cabbage       1097       1951      0.942       0.94      0.964      0.904
                carrot       1447       4070      0.868      0.769      0.852      0.715
              cucumber        786       2566      0.934      0.907      0.952      0.889
                 lemon        445       1335      0.835      0.836      0.868      0.726
                potato        687       2212      0.909      0.895      0.936      0.855
                tomato       1172       4740      0.878      0.807      0.884       0.76
                 grape        921       2198       0.89      0.803      0.868      0.705
            grapefruit         78        215      0.643       0.53      0.586      0.477
                 mango        653       1904      0.914      0.803      0.872      0.749
                orange        784       3536      0.758      0.483      0.611      0.452
                 peach        140        382      0.734      0.707      0.755      0.681
                  pear        196        553      0.898      0.841      0.907       0.76
           pomegranate        364        811      0.882      0.847      0.897      0.777
             pineapple        683       1164      0.906       0.82      0.909      0.746
               pumpkin        710       2411      0.853      0.812      0.874      0.718
                radish        288       1001      0.946      0.894      0.953      0.815
               coconut        525       1260      0.919      0.832      0.893      0.763
                litchi        422       1437      0.924      0.889      0.947      0.832
           bell-pepper        925       2472       0.94      0.918      0.957      0.896
            cantaloupe         21         34      0.443      0.324      0.352      0.308
            strawberry        363       2180      0.744       0.61      0.708      0.508
                  beet        499       1650      0.969      0.984      0.985      0.958
                   egg        701       1729       0.95      0.964      0.976      0.866
              eggplant        714       1920      0.938      0.927      0.961      0.878
                garlic        467       1892      0.953      0.909       0.96       0.83
                 onion       1282       2768      0.954      0.942      0.969      0.905
                 bread        306        643      0.757      0.605      0.732      0.606
                cheese        162        397      0.738      0.519      0.626      0.519
                  fish        256        803      0.652       0.54      0.606      0.381
                shrimp        215        941      0.781      0.723      0.785      0.576
                  crab        134        191      0.823       0.73      0.814      0.679
               lobster         81        117      0.454      0.444      0.485      0.353
                  beef        162        287      0.855      0.779      0.847      0.628
              beetroot         14         46      0.343      0.348       0.26      0.189
           cauliflower        156        327      0.931       0.89      0.944      0.744
               chicken        118        195      0.921      0.913      0.963      0.813
         chilli-pepper        180        694       0.89      0.912      0.953      0.803
                  corn        223        680      0.979      0.979      0.993      0.883
                ginger        210        341      0.869      0.879      0.915      0.714
                  kiwi        109        331      0.948      0.936      0.982      0.879
                  leek        131        273      0.859      0.803      0.882      0.633
               lettuce        121        195      0.915      0.872      0.933      0.785
                 pasta         43         79      0.881      0.557      0.603       0.48
                  pork        146        205      0.764      0.834      0.856      0.683
                  rice         86         86       0.97          1      0.995      0.995
          sweet-potato         87        218      0.852      0.858      0.922      0.774
                turnip         27        117      0.621      0.496      0.557      0.318
                 squid        106        186      0.903      0.919      0.971      0.786
               avocado        207        697      0.977      0.993      0.995      0.892
                cherry         16         50      0.868      0.394      0.743      0.624
                 melon         18         44      0.651      0.849      0.832      0.651
Speed: 0.1ms preprocess, 7.2ms inference, 0.0ms loss, 0.1ms postprocess per image
Results saved to [1mruns/detect/yolov10_transfer_learning5[0m
