True
Freezing model.model.0.conv.weight
Freezing model.model.0.bn.weight
Freezing model.model.0.bn.bias
Freezing model.model.1.conv.weight
Freezing model.model.1.bn.weight
Freezing model.model.1.bn.bias
Freezing model.model.2.cv1.conv.weight
Freezing model.model.2.cv1.bn.weight
Freezing model.model.2.cv1.bn.bias
Freezing model.model.2.cv2.conv.weight
Freezing model.model.2.cv2.bn.weight
Freezing model.model.2.cv2.bn.bias
Freezing model.model.2.m.0.cv1.conv.weight
Freezing model.model.2.m.0.cv1.bn.weight
Freezing model.model.2.m.0.cv1.bn.bias
Freezing model.model.2.m.0.cv2.conv.weight
Freezing model.model.2.m.0.cv2.bn.weight
Freezing model.model.2.m.0.cv2.bn.bias
Freezing model.model.2.m.1.cv1.conv.weight
Freezing model.model.2.m.1.cv1.bn.weight
Freezing model.model.2.m.1.cv1.bn.bias
Freezing model.model.2.m.1.cv2.conv.weight
Freezing model.model.2.m.1.cv2.bn.weight
Freezing model.model.2.m.1.cv2.bn.bias
Freezing model.model.2.m.2.cv1.conv.weight
Freezing model.model.2.m.2.cv1.bn.weight
Freezing model.model.2.m.2.cv1.bn.bias
Freezing model.model.2.m.2.cv2.conv.weight
Freezing model.model.2.m.2.cv2.bn.weight
Freezing model.model.2.m.2.cv2.bn.bias
Freezing model.model.3.conv.weight
Freezing model.model.3.bn.weight
Freezing model.model.3.bn.bias
Freezing model.model.4.cv1.conv.weight
Freezing model.model.4.cv1.bn.weight
Freezing model.model.4.cv1.bn.bias
Freezing model.model.4.cv2.conv.weight
Freezing model.model.4.cv2.bn.weight
Freezing model.model.4.cv2.bn.bias
Freezing model.model.4.m.0.cv1.conv.weight
Freezing model.model.4.m.0.cv1.bn.weight
Freezing model.model.4.m.0.cv1.bn.bias
Freezing model.model.4.m.0.cv2.conv.weight
Freezing model.model.4.m.0.cv2.bn.weight
Freezing model.model.4.m.0.cv2.bn.bias
Freezing model.model.4.m.1.cv1.conv.weight
Freezing model.model.4.m.1.cv1.bn.weight
Freezing model.model.4.m.1.cv1.bn.bias
Freezing model.model.4.m.1.cv2.conv.weight
Freezing model.model.4.m.1.cv2.bn.weight
Freezing model.model.4.m.1.cv2.bn.bias
Freezing model.model.4.m.2.cv1.conv.weight
Freezing model.model.4.m.2.cv1.bn.weight
Freezing model.model.4.m.2.cv1.bn.bias
Freezing model.model.4.m.2.cv2.conv.weight
Freezing model.model.4.m.2.cv2.bn.weight
Freezing model.model.4.m.2.cv2.bn.bias
Freezing model.model.4.m.3.cv1.conv.weight
Freezing model.model.4.m.3.cv1.bn.weight
Freezing model.model.4.m.3.cv1.bn.bias
Freezing model.model.4.m.3.cv2.conv.weight
Freezing model.model.4.m.3.cv2.bn.weight
Freezing model.model.4.m.3.cv2.bn.bias
Freezing model.model.4.m.4.cv1.conv.weight
Freezing model.model.4.m.4.cv1.bn.weight
Freezing model.model.4.m.4.cv1.bn.bias
Freezing model.model.4.m.4.cv2.conv.weight
Freezing model.model.4.m.4.cv2.bn.weight
Freezing model.model.4.m.4.cv2.bn.bias
Freezing model.model.4.m.5.cv1.conv.weight
Freezing model.model.4.m.5.cv1.bn.weight
Freezing model.model.4.m.5.cv1.bn.bias
Freezing model.model.4.m.5.cv2.conv.weight
Freezing model.model.4.m.5.cv2.bn.weight
Freezing model.model.4.m.5.cv2.bn.bias
Freezing model.model.5.cv1.conv.weight
Freezing model.model.5.cv1.bn.weight
Freezing model.model.5.cv1.bn.bias
Freezing model.model.5.cv2.conv.weight
Freezing model.model.5.cv2.bn.weight
Freezing model.model.5.cv2.bn.bias
Freezing model.model.6.cv1.conv.weight
Freezing model.model.6.cv1.bn.weight
Freezing model.model.6.cv1.bn.bias
Freezing model.model.6.cv2.conv.weight
Freezing model.model.6.cv2.bn.weight
Freezing model.model.6.cv2.bn.bias
Freezing model.model.6.m.0.cv1.0.conv.weight
Freezing model.model.6.m.0.cv1.0.bn.weight
Freezing model.model.6.m.0.cv1.0.bn.bias
Freezing model.model.6.m.0.cv1.1.conv.weight
Freezing model.model.6.m.0.cv1.1.bn.weight
Freezing model.model.6.m.0.cv1.1.bn.bias
Freezing model.model.6.m.0.cv1.2.conv.weight
Freezing model.model.6.m.0.cv1.2.bn.weight
Freezing model.model.6.m.0.cv1.2.bn.bias
Freezing model.model.6.m.0.cv1.3.conv.weight
Freezing model.model.6.m.0.cv1.3.bn.weight
Freezing model.model.6.m.0.cv1.3.bn.bias
Freezing model.model.6.m.0.cv1.4.conv.weight
Freezing model.model.6.m.0.cv1.4.bn.weight
Freezing model.model.6.m.0.cv1.4.bn.bias
Freezing model.model.6.m.1.cv1.0.conv.weight
Freezing model.model.6.m.1.cv1.0.bn.weight
Freezing model.model.6.m.1.cv1.0.bn.bias
Freezing model.model.6.m.1.cv1.1.conv.weight
Freezing model.model.6.m.1.cv1.1.bn.weight
Freezing model.model.6.m.1.cv1.1.bn.bias
Freezing model.model.6.m.1.cv1.2.conv.weight
Freezing model.model.6.m.1.cv1.2.bn.weight
Freezing model.model.6.m.1.cv1.2.bn.bias
Freezing model.model.6.m.1.cv1.3.conv.weight
Freezing model.model.6.m.1.cv1.3.bn.weight
Freezing model.model.6.m.1.cv1.3.bn.bias
Freezing model.model.6.m.1.cv1.4.conv.weight
Freezing model.model.6.m.1.cv1.4.bn.weight
Freezing model.model.6.m.1.cv1.4.bn.bias
Freezing model.model.6.m.2.cv1.0.conv.weight
Freezing model.model.6.m.2.cv1.0.bn.weight
Freezing model.model.6.m.2.cv1.0.bn.bias
Freezing model.model.6.m.2.cv1.1.conv.weight
Freezing model.model.6.m.2.cv1.1.bn.weight
Freezing model.model.6.m.2.cv1.1.bn.bias
Freezing model.model.6.m.2.cv1.2.conv.weight
Freezing model.model.6.m.2.cv1.2.bn.weight
Freezing model.model.6.m.2.cv1.2.bn.bias
Freezing model.model.6.m.2.cv1.3.conv.weight
Freezing model.model.6.m.2.cv1.3.bn.weight
Freezing model.model.6.m.2.cv1.3.bn.bias
Freezing model.model.6.m.2.cv1.4.conv.weight
Freezing model.model.6.m.2.cv1.4.bn.weight
Freezing model.model.6.m.2.cv1.4.bn.bias
Freezing model.model.6.m.3.cv1.0.conv.weight
Freezing model.model.6.m.3.cv1.0.bn.weight
Freezing model.model.6.m.3.cv1.0.bn.bias
Freezing model.model.6.m.3.cv1.1.conv.weight
Freezing model.model.6.m.3.cv1.1.bn.weight
Freezing model.model.6.m.3.cv1.1.bn.bias
Freezing model.model.6.m.3.cv1.2.conv.weight
Freezing model.model.6.m.3.cv1.2.bn.weight
Freezing model.model.6.m.3.cv1.2.bn.bias
Freezing model.model.6.m.3.cv1.3.conv.weight
Freezing model.model.6.m.3.cv1.3.bn.weight
Freezing model.model.6.m.3.cv1.3.bn.bias
Freezing model.model.6.m.3.cv1.4.conv.weight
Freezing model.model.6.m.3.cv1.4.bn.weight
Freezing model.model.6.m.3.cv1.4.bn.bias
Freezing model.model.6.m.4.cv1.0.conv.weight
Freezing model.model.6.m.4.cv1.0.bn.weight
Freezing model.model.6.m.4.cv1.0.bn.bias
Freezing model.model.6.m.4.cv1.1.conv.weight
Freezing model.model.6.m.4.cv1.1.bn.weight
Freezing model.model.6.m.4.cv1.1.bn.bias
Freezing model.model.6.m.4.cv1.2.conv.weight
Freezing model.model.6.m.4.cv1.2.bn.weight
Freezing model.model.6.m.4.cv1.2.bn.bias
Freezing model.model.6.m.4.cv1.3.conv.weight
Freezing model.model.6.m.4.cv1.3.bn.weight
Freezing model.model.6.m.4.cv1.3.bn.bias
Freezing model.model.6.m.4.cv1.4.conv.weight
Freezing model.model.6.m.4.cv1.4.bn.weight
Freezing model.model.6.m.4.cv1.4.bn.bias
Freezing model.model.6.m.5.cv1.0.conv.weight
Freezing model.model.6.m.5.cv1.0.bn.weight
Freezing model.model.6.m.5.cv1.0.bn.bias
Freezing model.model.6.m.5.cv1.1.conv.weight
Freezing model.model.6.m.5.cv1.1.bn.weight
Freezing model.model.6.m.5.cv1.1.bn.bias
Freezing model.model.6.m.5.cv1.2.conv.weight
Freezing model.model.6.m.5.cv1.2.bn.weight
Freezing model.model.6.m.5.cv1.2.bn.bias
Freezing model.model.6.m.5.cv1.3.conv.weight
Freezing model.model.6.m.5.cv1.3.bn.weight
Freezing model.model.6.m.5.cv1.3.bn.bias
Freezing model.model.6.m.5.cv1.4.conv.weight
Freezing model.model.6.m.5.cv1.4.bn.weight
Freezing model.model.6.m.5.cv1.4.bn.bias
Freezing model.model.7.cv1.conv.weight
Freezing model.model.7.cv1.bn.weight
Freezing model.model.7.cv1.bn.bias
Freezing model.model.7.cv2.conv.weight
Freezing model.model.7.cv2.bn.weight
Freezing model.model.7.cv2.bn.bias
Freezing model.model.8.cv1.conv.weight
Freezing model.model.8.cv1.bn.weight
Freezing model.model.8.cv1.bn.bias
Freezing model.model.8.cv2.conv.weight
Freezing model.model.8.cv2.bn.weight
Freezing model.model.8.cv2.bn.bias
Freezing model.model.8.m.0.cv1.0.conv.weight
Freezing model.model.8.m.0.cv1.0.bn.weight
Freezing model.model.8.m.0.cv1.0.bn.bias
Freezing model.model.8.m.0.cv1.1.conv.weight
Freezing model.model.8.m.0.cv1.1.bn.weight
Freezing model.model.8.m.0.cv1.1.bn.bias
Freezing model.model.8.m.0.cv1.2.conv.weight
Freezing model.model.8.m.0.cv1.2.bn.weight
Freezing model.model.8.m.0.cv1.2.bn.bias
Freezing model.model.8.m.0.cv1.3.conv.weight
Freezing model.model.8.m.0.cv1.3.bn.weight
Freezing model.model.8.m.0.cv1.3.bn.bias
Freezing model.model.8.m.0.cv1.4.conv.weight
Freezing model.model.8.m.0.cv1.4.bn.weight
Freezing model.model.8.m.0.cv1.4.bn.bias
Freezing model.model.8.m.1.cv1.0.conv.weight
Freezing model.model.8.m.1.cv1.0.bn.weight
Freezing model.model.8.m.1.cv1.0.bn.bias
Freezing model.model.8.m.1.cv1.1.conv.weight
Freezing model.model.8.m.1.cv1.1.bn.weight
Freezing model.model.8.m.1.cv1.1.bn.bias
Freezing model.model.8.m.1.cv1.2.conv.weight
Freezing model.model.8.m.1.cv1.2.bn.weight
Freezing model.model.8.m.1.cv1.2.bn.bias
Freezing model.model.8.m.1.cv1.3.conv.weight
Freezing model.model.8.m.1.cv1.3.bn.weight
Freezing model.model.8.m.1.cv1.3.bn.bias
Freezing model.model.8.m.1.cv1.4.conv.weight
Freezing model.model.8.m.1.cv1.4.bn.weight
Freezing model.model.8.m.1.cv1.4.bn.bias
Freezing model.model.8.m.2.cv1.0.conv.weight
Freezing model.model.8.m.2.cv1.0.bn.weight
Freezing model.model.8.m.2.cv1.0.bn.bias
Freezing model.model.8.m.2.cv1.1.conv.weight
Freezing model.model.8.m.2.cv1.1.bn.weight
Freezing model.model.8.m.2.cv1.1.bn.bias
Freezing model.model.8.m.2.cv1.2.conv.weight
Freezing model.model.8.m.2.cv1.2.bn.weight
Freezing model.model.8.m.2.cv1.2.bn.bias
Freezing model.model.8.m.2.cv1.3.conv.weight
Freezing model.model.8.m.2.cv1.3.bn.weight
Freezing model.model.8.m.2.cv1.3.bn.bias
Freezing model.model.8.m.2.cv1.4.conv.weight
Freezing model.model.8.m.2.cv1.4.bn.weight
Freezing model.model.8.m.2.cv1.4.bn.bias
Freezing model.model.9.cv1.conv.weight
Freezing model.model.9.cv1.bn.weight
Freezing model.model.9.cv1.bn.bias
Freezing model.model.9.cv2.conv.weight
Freezing model.model.9.cv2.bn.weight
Freezing model.model.9.cv2.bn.bias
Freezing model.model.10.cv1.conv.weight
Freezing model.model.10.cv1.bn.weight
Freezing model.model.10.cv1.bn.bias
Freezing model.model.10.cv2.conv.weight
Freezing model.model.10.cv2.bn.weight
Freezing model.model.10.cv2.bn.bias
Freezing model.model.10.attn.qkv.conv.weight
Freezing model.model.10.attn.qkv.bn.weight
Freezing model.model.10.attn.qkv.bn.bias
Freezing model.model.10.attn.proj.conv.weight
Freezing model.model.10.attn.proj.bn.weight
Freezing model.model.10.attn.proj.bn.bias
Freezing model.model.10.attn.pe.conv.weight
Freezing model.model.10.attn.pe.bn.weight
Freezing model.model.10.attn.pe.bn.bias
Freezing model.model.10.ffn.0.conv.weight
Freezing model.model.10.ffn.0.bn.weight
Freezing model.model.10.ffn.0.bn.bias
Freezing model.model.10.ffn.1.conv.weight
Freezing model.model.10.ffn.1.bn.weight
Freezing model.model.10.ffn.1.bn.bias
Freezing model.model.13.cv1.conv.weight
Freezing model.model.13.cv1.bn.weight
Freezing model.model.13.cv1.bn.bias
Freezing model.model.13.cv2.conv.weight
Freezing model.model.13.cv2.bn.weight
Freezing model.model.13.cv2.bn.bias
Freezing model.model.13.m.0.cv1.0.conv.weight
Freezing model.model.13.m.0.cv1.0.bn.weight
Freezing model.model.13.m.0.cv1.0.bn.bias
Freezing model.model.13.m.0.cv1.1.conv.weight
Freezing model.model.13.m.0.cv1.1.bn.weight
Freezing model.model.13.m.0.cv1.1.bn.bias
Freezing model.model.13.m.0.cv1.2.conv.weight
Freezing model.model.13.m.0.cv1.2.bn.weight
Freezing model.model.13.m.0.cv1.2.bn.bias
Freezing model.model.13.m.0.cv1.3.conv.weight
Freezing model.model.13.m.0.cv1.3.bn.weight
Freezing model.model.13.m.0.cv1.3.bn.bias
Freezing model.model.13.m.0.cv1.4.conv.weight
Freezing model.model.13.m.0.cv1.4.bn.weight
Freezing model.model.13.m.0.cv1.4.bn.bias
Freezing model.model.13.m.1.cv1.0.conv.weight
Freezing model.model.13.m.1.cv1.0.bn.weight
Freezing model.model.13.m.1.cv1.0.bn.bias
Freezing model.model.13.m.1.cv1.1.conv.weight
Freezing model.model.13.m.1.cv1.1.bn.weight
Freezing model.model.13.m.1.cv1.1.bn.bias
Freezing model.model.13.m.1.cv1.2.conv.weight
Freezing model.model.13.m.1.cv1.2.bn.weight
Freezing model.model.13.m.1.cv1.2.bn.bias
Freezing model.model.13.m.1.cv1.3.conv.weight
Freezing model.model.13.m.1.cv1.3.bn.weight
Freezing model.model.13.m.1.cv1.3.bn.bias
Freezing model.model.13.m.1.cv1.4.conv.weight
Freezing model.model.13.m.1.cv1.4.bn.weight
Freezing model.model.13.m.1.cv1.4.bn.bias
Freezing model.model.13.m.2.cv1.0.conv.weight
Freezing model.model.13.m.2.cv1.0.bn.weight
Freezing model.model.13.m.2.cv1.0.bn.bias
Freezing model.model.13.m.2.cv1.1.conv.weight
Freezing model.model.13.m.2.cv1.1.bn.weight
Freezing model.model.13.m.2.cv1.1.bn.bias
Freezing model.model.13.m.2.cv1.2.conv.weight
Freezing model.model.13.m.2.cv1.2.bn.weight
Freezing model.model.13.m.2.cv1.2.bn.bias
Freezing model.model.13.m.2.cv1.3.conv.weight
Freezing model.model.13.m.2.cv1.3.bn.weight
Freezing model.model.13.m.2.cv1.3.bn.bias
Freezing model.model.13.m.2.cv1.4.conv.weight
Freezing model.model.13.m.2.cv1.4.bn.weight
Freezing model.model.13.m.2.cv1.4.bn.bias
Freezing model.model.16.cv1.conv.weight
Freezing model.model.16.cv1.bn.weight
Freezing model.model.16.cv1.bn.bias
Freezing model.model.16.cv2.conv.weight
Freezing model.model.16.cv2.bn.weight
Freezing model.model.16.cv2.bn.bias
Freezing model.model.16.m.0.cv1.conv.weight
Freezing model.model.16.m.0.cv1.bn.weight
Freezing model.model.16.m.0.cv1.bn.bias
Freezing model.model.16.m.0.cv2.conv.weight
Freezing model.model.16.m.0.cv2.bn.weight
Freezing model.model.16.m.0.cv2.bn.bias
Freezing model.model.16.m.1.cv1.conv.weight
Freezing model.model.16.m.1.cv1.bn.weight
Freezing model.model.16.m.1.cv1.bn.bias
Freezing model.model.16.m.1.cv2.conv.weight
Freezing model.model.16.m.1.cv2.bn.weight
Freezing model.model.16.m.1.cv2.bn.bias
Freezing model.model.16.m.2.cv1.conv.weight
Freezing model.model.16.m.2.cv1.bn.weight
Freezing model.model.16.m.2.cv1.bn.bias
Freezing model.model.16.m.2.cv2.conv.weight
Freezing model.model.16.m.2.cv2.bn.weight
Freezing model.model.16.m.2.cv2.bn.bias
Freezing model.model.17.conv.weight
Freezing model.model.17.bn.weight
Freezing model.model.17.bn.bias
Freezing model.model.19.cv1.conv.weight
Freezing model.model.19.cv1.bn.weight
Freezing model.model.19.cv1.bn.bias
Freezing model.model.19.cv2.conv.weight
Freezing model.model.19.cv2.bn.weight
Freezing model.model.19.cv2.bn.bias
Freezing model.model.19.m.0.cv1.0.conv.weight
Freezing model.model.19.m.0.cv1.0.bn.weight
Freezing model.model.19.m.0.cv1.0.bn.bias
Freezing model.model.19.m.0.cv1.1.conv.weight
Freezing model.model.19.m.0.cv1.1.bn.weight
Freezing model.model.19.m.0.cv1.1.bn.bias
Freezing model.model.19.m.0.cv1.2.conv.weight
Freezing model.model.19.m.0.cv1.2.bn.weight
Freezing model.model.19.m.0.cv1.2.bn.bias
Freezing model.model.19.m.0.cv1.3.conv.weight
Freezing model.model.19.m.0.cv1.3.bn.weight
Freezing model.model.19.m.0.cv1.3.bn.bias
Freezing model.model.19.m.0.cv1.4.conv.weight
Freezing model.model.19.m.0.cv1.4.bn.weight
Freezing model.model.19.m.0.cv1.4.bn.bias
Freezing model.model.19.m.1.cv1.0.conv.weight
Freezing model.model.19.m.1.cv1.0.bn.weight
Freezing model.model.19.m.1.cv1.0.bn.bias
Freezing model.model.19.m.1.cv1.1.conv.weight
Freezing model.model.19.m.1.cv1.1.bn.weight
Freezing model.model.19.m.1.cv1.1.bn.bias
Freezing model.model.19.m.1.cv1.2.conv.weight
Freezing model.model.19.m.1.cv1.2.bn.weight
Freezing model.model.19.m.1.cv1.2.bn.bias
Freezing model.model.19.m.1.cv1.3.conv.weight
Freezing model.model.19.m.1.cv1.3.bn.weight
Freezing model.model.19.m.1.cv1.3.bn.bias
Freezing model.model.19.m.1.cv1.4.conv.weight
Freezing model.model.19.m.1.cv1.4.bn.weight
Freezing model.model.19.m.1.cv1.4.bn.bias
Freezing model.model.19.m.2.cv1.0.conv.weight
Freezing model.model.19.m.2.cv1.0.bn.weight
Freezing model.model.19.m.2.cv1.0.bn.bias
Freezing model.model.19.m.2.cv1.1.conv.weight
Freezing model.model.19.m.2.cv1.1.bn.weight
Freezing model.model.19.m.2.cv1.1.bn.bias
Freezing model.model.19.m.2.cv1.2.conv.weight
Freezing model.model.19.m.2.cv1.2.bn.weight
Freezing model.model.19.m.2.cv1.2.bn.bias
Freezing model.model.19.m.2.cv1.3.conv.weight
Freezing model.model.19.m.2.cv1.3.bn.weight
Freezing model.model.19.m.2.cv1.3.bn.bias
Freezing model.model.19.m.2.cv1.4.conv.weight
Freezing model.model.19.m.2.cv1.4.bn.weight
Freezing model.model.19.m.2.cv1.4.bn.bias
Freezing model.model.20.cv1.conv.weight
Freezing model.model.20.cv1.bn.weight
Freezing model.model.20.cv1.bn.bias
Freezing model.model.20.cv2.conv.weight
Freezing model.model.20.cv2.bn.weight
Freezing model.model.20.cv2.bn.bias
Freezing model.model.22.cv1.conv.weight
Freezing model.model.22.cv1.bn.weight
Freezing model.model.22.cv1.bn.bias
Freezing model.model.22.cv2.conv.weight
Freezing model.model.22.cv2.bn.weight
Freezing model.model.22.cv2.bn.bias
Freezing model.model.22.m.0.cv1.0.conv.weight
Freezing model.model.22.m.0.cv1.0.bn.weight
Freezing model.model.22.m.0.cv1.0.bn.bias
Freezing model.model.22.m.0.cv1.1.conv.weight
Freezing model.model.22.m.0.cv1.1.bn.weight
Freezing model.model.22.m.0.cv1.1.bn.bias
Freezing model.model.22.m.0.cv1.2.conv.weight
Freezing model.model.22.m.0.cv1.2.bn.weight
Freezing model.model.22.m.0.cv1.2.bn.bias
Freezing model.model.22.m.0.cv1.3.conv.weight
Freezing model.model.22.m.0.cv1.3.bn.weight
Freezing model.model.22.m.0.cv1.3.bn.bias
Freezing model.model.22.m.0.cv1.4.conv.weight
Freezing model.model.22.m.0.cv1.4.bn.weight
Freezing model.model.22.m.0.cv1.4.bn.bias
Freezing model.model.22.m.1.cv1.0.conv.weight
Freezing model.model.22.m.1.cv1.0.bn.weight
Freezing model.model.22.m.1.cv1.0.bn.bias
Freezing model.model.22.m.1.cv1.1.conv.weight
Freezing model.model.22.m.1.cv1.1.bn.weight
Freezing model.model.22.m.1.cv1.1.bn.bias
Freezing model.model.22.m.1.cv1.2.conv.weight
Freezing model.model.22.m.1.cv1.2.bn.weight
Freezing model.model.22.m.1.cv1.2.bn.bias
Freezing model.model.22.m.1.cv1.3.conv.weight
Freezing model.model.22.m.1.cv1.3.bn.weight
Freezing model.model.22.m.1.cv1.3.bn.bias
Freezing model.model.22.m.1.cv1.4.conv.weight
Freezing model.model.22.m.1.cv1.4.bn.weight
Freezing model.model.22.m.1.cv1.4.bn.bias
Freezing model.model.22.m.2.cv1.0.conv.weight
Freezing model.model.22.m.2.cv1.0.bn.weight
Freezing model.model.22.m.2.cv1.0.bn.bias
Freezing model.model.22.m.2.cv1.1.conv.weight
Freezing model.model.22.m.2.cv1.1.bn.weight
Freezing model.model.22.m.2.cv1.1.bn.bias
Freezing model.model.22.m.2.cv1.2.conv.weight
Freezing model.model.22.m.2.cv1.2.bn.weight
Freezing model.model.22.m.2.cv1.2.bn.bias
Freezing model.model.22.m.2.cv1.3.conv.weight
Freezing model.model.22.m.2.cv1.3.bn.weight
Freezing model.model.22.m.2.cv1.3.bn.bias
Freezing model.model.22.m.2.cv1.4.conv.weight
Freezing model.model.22.m.2.cv1.4.bn.weight
Freezing model.model.22.m.2.cv1.4.bn.bias
Ultralytics YOLOv8.2.54 🚀 Python-3.12.4 torch-2.3.1 CUDA:0 (Tesla V100-SXM2-32GB, 32501MiB)
                                                     CUDA:1 (Tesla V100-SXM2-32GB, 32501MiB)
                                                     CUDA:2 (Tesla V100-SXM2-32GB, 32501MiB)
                                                     CUDA:3 (Tesla V100-SXM2-32GB, 32501MiB)
[34m[1mengine/trainer: [0mtask=detect, mode=train, model=/home/aamotyakin/yolov10x.pt, data=/home/aamotyakin/Dataset (Copy)/data.yaml, epochs=100, time=None, patience=100, batch=64, imgsz=640, save=True, save_period=-1, cache=False, device=[0, 1, 2, 3], workers=8, project=None, name=yolov10_transfer_learning, exist_ok=False, pretrained=True, optimizer=auto, verbose=True, seed=0, deterministic=True, single_cls=False, rect=False, cos_lr=False, close_mosaic=10, resume=False, amp=True, fraction=1.0, profile=False, freeze=None, multi_scale=False, overlap_mask=True, mask_ratio=4, dropout=0.0, val=True, split=val, save_json=False, save_hybrid=False, conf=None, iou=0.7, max_det=300, half=False, dnn=False, plots=True, source=None, vid_stride=1, stream_buffer=False, visualize=False, augment=False, agnostic_nms=False, classes=None, retina_masks=False, embed=None, show=False, save_frames=False, save_txt=False, save_conf=False, save_crop=False, show_labels=True, show_conf=True, show_boxes=True, line_width=None, format=torchscript, keras=False, optimize=False, int8=False, dynamic=False, simplify=False, opset=None, workspace=4, nms=False, lr0=0.01, lrf=0.01, momentum=0.937, weight_decay=0.0005, warmup_epochs=3.0, warmup_momentum=0.8, warmup_bias_lr=0.1, box=7.5, cls=0.5, dfl=1.5, pose=12.0, kobj=1.0, label_smoothing=0.0, nbs=64, hsv_h=0.015, hsv_s=0.7, hsv_v=0.4, degrees=0.0, translate=0.1, scale=0.5, shear=0.0, perspective=0.0, flipud=0.0, fliplr=0.5, bgr=0.0, mosaic=1.0, mixup=0.0, copy_paste=0.0, auto_augment=randaugment, erasing=0.4, crop_fraction=1.0, cfg=None, tracker=botsort.yaml, save_dir=runs/detect/yolov10_transfer_learning
Overriding model.yaml nc=80 with nc=56

                   from  n    params  module                                       arguments                     
  0                  -1  1      2320  ultralytics.nn.modules.conv.Conv             [3, 80, 3, 2]                 
  1                  -1  1    115520  ultralytics.nn.modules.conv.Conv             [80, 160, 3, 2]               
  2                  -1  3    436800  ultralytics.nn.modules.block.C2f             [160, 160, 3, True]           
  3                  -1  1    461440  ultralytics.nn.modules.conv.Conv             [160, 320, 3, 2]              
  4                  -1  6   3281920  ultralytics.nn.modules.block.C2f             [320, 320, 6, True]           
  5                  -1  1    213120  ultralytics.nn.modules.block.SCDown          [320, 640, 3, 2]              
  6                  -1  6   4604160  ultralytics.nn.modules.block.C2fCIB          [640, 640, 6, True]           
  7                  -1  1    417920  ultralytics.nn.modules.block.SCDown          [640, 640, 3, 2]              
  8                  -1  3   2712960  ultralytics.nn.modules.block.C2fCIB          [640, 640, 3, True]           
  9                  -1  1   1025920  ultralytics.nn.modules.block.SPPF            [640, 640, 5]                 
 10                  -1  1   1545920  ultralytics.nn.modules.block.PSA             [640, 640]                    
 11                  -1  1         0  torch.nn.modules.upsampling.Upsample         [None, 2, 'nearest']          
 12             [-1, 6]  1         0  ultralytics.nn.modules.conv.Concat           [1]                           
 13                  -1  3   3122560  ultralytics.nn.modules.block.C2fCIB          [1280, 640, 3, True]          
 14                  -1  1         0  torch.nn.modules.upsampling.Upsample         [None, 2, 'nearest']          
 15             [-1, 4]  1         0  ultralytics.nn.modules.conv.Concat           [1]                           
 16                  -1  3   1948800  ultralytics.nn.modules.block.C2f             [960, 320, 3]                 
 17                  -1  1    922240  ultralytics.nn.modules.conv.Conv             [320, 320, 3, 2]              
 18            [-1, 13]  1         0  ultralytics.nn.modules.conv.Concat           [1]                           
 19                  -1  3   2917760  ultralytics.nn.modules.block.C2fCIB          [960, 640, 3, True]           
 20                  -1  1    417920  ultralytics.nn.modules.block.SCDown          [640, 640, 3, 2]              
 21            [-1, 10]  1         0  ultralytics.nn.modules.conv.Concat           [1]                           
 22                  -1  3   3122560  ultralytics.nn.modules.block.C2fCIB          [1280, 640, 3, True]          
 23        [16, 19, 22]  1   4492896  ultralytics.nn.modules.head.v10Detect        [56, [320, 640, 640]]         
YOLOv10x summary: 688 layers, 31762736 parameters, 31762720 gradients

Transferred 1123/1135 items from pretrained weights
[34m[1mDDP:[0m debug command /home/aamotyakin/.conda/envs/yolov8_new/bin/python -m torch.distributed.run --nproc_per_node 4 --master_port 34231 /home/aamotyakin/.config/Ultralytics/DDP/_temp_1arcfokb139875648979312.py
Ultralytics YOLOv8.2.54 🚀 Python-3.12.4 torch-2.3.1 CUDA:0 (Tesla V100-SXM2-32GB, 32501MiB)
                                                     CUDA:1 (Tesla V100-SXM2-32GB, 32501MiB)
                                                     CUDA:2 (Tesla V100-SXM2-32GB, 32501MiB)
                                                     CUDA:3 (Tesla V100-SXM2-32GB, 32501MiB)
Overriding model.yaml nc=80 with nc=56
Transferred 1123/1135 items from pretrained weights
Freezing layer 'model.23.dfl.conv.weight'
[34m[1mAMP: [0mrunning Automatic Mixed Precision (AMP) checks with YOLOv8n...
Downloading https://github.com/ultralytics/assets/releases/download/v8.2.0/yolov8n.pt to 'yolov8n.pt'...
[34m[1mAMP: [0mchecks skipped ⚠️, offline and unable to download YOLOv8n. Setting 'amp=True'. If you experience zero-mAP or NaN losses you can disable AMP with amp=False.
[34m[1malbumentations: [0mBlur(p=0.01, blur_limit=(3, 7)), MedianBlur(p=0.01, blur_limit=(3, 7)), ToGray(p=0.01), CLAHE(p=0.01, clip_limit=(1, 4.0), tile_grid_size=(8, 8))
Plotting labels to runs/detect/yolov10_transfer_learning/labels.jpg... 
[34m[1moptimizer:[0m 'optimizer=auto' found, ignoring 'lr0=0.01' and 'momentum=0.937' and determining best 'optimizer', 'lr0' and 'momentum' automatically... 
[34m[1moptimizer:[0m SGD(lr=0.01, momentum=0.9) with parameter groups 185 weight(decay=0.0), 198 weight(decay=0.0005), 197 bias(decay=0.0)
Image sizes 640 train, 640 val
Using 32 dataloader workers
Logging results to [1mruns/detect/yolov10_transfer_learning[0m
Starting training for 100 epochs...

      Epoch    GPU_mem   box_loss   cls_loss   dfl_loss  Instances       Size
                   all      39441     113731      0.456      0.303      0.263      0.178

      Epoch    GPU_mem   box_loss   cls_loss   dfl_loss  Instances       Size
                   all      39441     113731      0.411      0.293      0.249      0.161

      Epoch    GPU_mem   box_loss   cls_loss   dfl_loss  Instances       Size
                   all      39441     113731      0.278      0.145     0.0658     0.0383

      Epoch    GPU_mem   box_loss   cls_loss   dfl_loss  Instances       Size
                   all      39441     113731      0.328      0.272      0.199      0.122

      Epoch    GPU_mem   box_loss   cls_loss   dfl_loss  Instances       Size
                   all      39441     113731      0.414      0.377       0.34      0.223

      Epoch    GPU_mem   box_loss   cls_loss   dfl_loss  Instances       Size
                   all      39441     113731      0.487      0.381      0.365      0.248

      Epoch    GPU_mem   box_loss   cls_loss   dfl_loss  Instances       Size
                   all      39441     113731      0.473      0.421      0.398      0.266

      Epoch    GPU_mem   box_loss   cls_loss   dfl_loss  Instances       Size
                   all      39441     113731      0.499      0.442      0.434      0.298

      Epoch    GPU_mem   box_loss   cls_loss   dfl_loss  Instances       Size
                   all      39441     113731      0.542      0.488      0.488      0.338

      Epoch    GPU_mem   box_loss   cls_loss   dfl_loss  Instances       Size
                   all      39441     113731      0.582      0.501      0.518      0.366

      Epoch    GPU_mem   box_loss   cls_loss   dfl_loss  Instances       Size
                   all      39441     113731       0.58      0.507      0.525      0.372

      Epoch    GPU_mem   box_loss   cls_loss   dfl_loss  Instances       Size
                   all      39441     113731      0.602      0.522      0.542      0.384

      Epoch    GPU_mem   box_loss   cls_loss   dfl_loss  Instances       Size
                   all      39441     113731      0.618      0.533      0.563      0.401

      Epoch    GPU_mem   box_loss   cls_loss   dfl_loss  Instances       Size
                   all      39441     113731      0.617      0.546      0.571       0.41

      Epoch    GPU_mem   box_loss   cls_loss   dfl_loss  Instances       Size
                   all      39441     113731      0.642      0.552      0.585      0.425

      Epoch    GPU_mem   box_loss   cls_loss   dfl_loss  Instances       Size
                   all      39441     113731      0.651      0.572      0.608      0.441

      Epoch    GPU_mem   box_loss   cls_loss   dfl_loss  Instances       Size
                   all      39441     113731      0.652      0.578      0.614      0.449

      Epoch    GPU_mem   box_loss   cls_loss   dfl_loss  Instances       Size
                   all      39441     113731      0.658      0.597      0.633      0.466

      Epoch    GPU_mem   box_loss   cls_loss   dfl_loss  Instances       Size
                   all      39441     113731      0.688      0.598       0.64      0.473

      Epoch    GPU_mem   box_loss   cls_loss   dfl_loss  Instances       Size
                   all      39441     113731      0.684      0.603      0.643      0.477

      Epoch    GPU_mem   box_loss   cls_loss   dfl_loss  Instances       Size
                   all      39441     113731      0.678      0.616      0.661      0.491

      Epoch    GPU_mem   box_loss   cls_loss   dfl_loss  Instances       Size
                   all      39441     113731      0.694      0.614      0.662      0.493

      Epoch    GPU_mem   box_loss   cls_loss   dfl_loss  Instances       Size
                   all      39441     113731      0.708      0.621      0.676      0.508

      Epoch    GPU_mem   box_loss   cls_loss   dfl_loss  Instances       Size
                   all      39441     113731      0.718       0.63       0.68       0.51

      Epoch    GPU_mem   box_loss   cls_loss   dfl_loss  Instances       Size
                   all      39441     113731       0.71      0.637      0.688      0.519

      Epoch    GPU_mem   box_loss   cls_loss   dfl_loss  Instances       Size
                   all      39441     113731       0.72      0.634      0.686      0.516

      Epoch    GPU_mem   box_loss   cls_loss   dfl_loss  Instances       Size
                   all      39441     113731      0.725      0.639      0.689      0.519

      Epoch    GPU_mem   box_loss   cls_loss   dfl_loss  Instances       Size
                   all      39441     113731      0.731       0.64      0.698      0.528

      Epoch    GPU_mem   box_loss   cls_loss   dfl_loss  Instances       Size
                   all      39441     113731      0.733      0.641      0.695      0.525

      Epoch    GPU_mem   box_loss   cls_loss   dfl_loss  Instances       Size
                   all      39441     113731      0.731      0.645      0.705      0.535

      Epoch    GPU_mem   box_loss   cls_loss   dfl_loss  Instances       Size
                   all      39441     113731      0.743      0.642      0.706      0.537

      Epoch    GPU_mem   box_loss   cls_loss   dfl_loss  Instances       Size
                   all      39441     113731      0.734      0.651      0.711      0.542

      Epoch    GPU_mem   box_loss   cls_loss   dfl_loss  Instances       Size
                   all      39441     113731      0.734      0.656      0.712      0.544

      Epoch    GPU_mem   box_loss   cls_loss   dfl_loss  Instances       Size
                   all      39441     113731      0.738      0.656      0.712      0.543

      Epoch    GPU_mem   box_loss   cls_loss   dfl_loss  Instances       Size
                   all      39441     113731      0.735      0.661      0.714      0.545

      Epoch    GPU_mem   box_loss   cls_loss   dfl_loss  Instances       Size
                   all      39441     113731      0.744      0.657      0.716      0.547

      Epoch    GPU_mem   box_loss   cls_loss   dfl_loss  Instances       Size
                   all      39441     113731      0.744      0.657      0.717      0.548

      Epoch    GPU_mem   box_loss   cls_loss   dfl_loss  Instances       Size
                   all      39441     113731      0.749      0.656      0.718       0.55

      Epoch    GPU_mem   box_loss   cls_loss   dfl_loss  Instances       Size
                   all      39441     113731      0.751      0.658      0.719      0.551

      Epoch    GPU_mem   box_loss   cls_loss   dfl_loss  Instances       Size
                   all      39441     113731      0.753      0.658      0.721      0.553

      Epoch    GPU_mem   box_loss   cls_loss   dfl_loss  Instances       Size
                   all      39441     113731      0.747      0.662      0.721      0.553

      Epoch    GPU_mem   box_loss   cls_loss   dfl_loss  Instances       Size
                   all      39441     113731      0.749      0.663      0.722      0.555

      Epoch    GPU_mem   box_loss   cls_loss   dfl_loss  Instances       Size
                   all      39441     113731      0.753      0.662      0.723      0.555

      Epoch    GPU_mem   box_loss   cls_loss   dfl_loss  Instances       Size
                   all      39441     113731      0.748      0.665      0.723      0.556

      Epoch    GPU_mem   box_loss   cls_loss   dfl_loss  Instances       Size
                   all      39441     113731      0.755      0.662      0.723      0.556

      Epoch    GPU_mem   box_loss   cls_loss   dfl_loss  Instances       Size
                   all      39441     113731      0.754      0.663      0.724      0.557

      Epoch    GPU_mem   box_loss   cls_loss   dfl_loss  Instances       Size
                   all      39441     113731      0.749      0.668      0.725      0.558

      Epoch    GPU_mem   box_loss   cls_loss   dfl_loss  Instances       Size
                   all      39441     113731      0.753      0.668      0.726      0.559

      Epoch    GPU_mem   box_loss   cls_loss   dfl_loss  Instances       Size
                   all      39441     113731       0.75      0.669      0.726       0.56

      Epoch    GPU_mem   box_loss   cls_loss   dfl_loss  Instances       Size
                   all      39441     113731      0.753      0.667      0.727       0.56

      Epoch    GPU_mem   box_loss   cls_loss   dfl_loss  Instances       Size
                   all      39441     113731      0.756      0.665      0.727      0.561

      Epoch    GPU_mem   box_loss   cls_loss   dfl_loss  Instances       Size
                   all      39441     113731      0.762      0.662      0.727      0.561

      Epoch    GPU_mem   box_loss   cls_loss   dfl_loss  Instances       Size
                   all      39441     113731       0.76      0.664      0.728      0.562

      Epoch    GPU_mem   box_loss   cls_loss   dfl_loss  Instances       Size
                   all      39441     113731      0.754      0.669      0.728      0.562

      Epoch    GPU_mem   box_loss   cls_loss   dfl_loss  Instances       Size
                   all      39441     113731      0.758      0.667      0.728      0.563

      Epoch    GPU_mem   box_loss   cls_loss   dfl_loss  Instances       Size
                   all      39441     113731      0.759      0.667      0.728      0.563

      Epoch    GPU_mem   box_loss   cls_loss   dfl_loss  Instances       Size
                   all      39441     113731       0.76      0.668      0.729      0.564

      Epoch    GPU_mem   box_loss   cls_loss   dfl_loss  Instances       Size
                   all      39441     113731      0.758      0.671       0.73      0.564

      Epoch    GPU_mem   box_loss   cls_loss   dfl_loss  Instances       Size
                   all      39441     113731      0.753      0.675       0.73      0.565

      Epoch    GPU_mem   box_loss   cls_loss   dfl_loss  Instances       Size
                   all      39441     113731      0.758      0.674      0.731      0.566

      Epoch    GPU_mem   box_loss   cls_loss   dfl_loss  Instances       Size
                   all      39441     113731      0.761      0.673      0.731      0.567

      Epoch    GPU_mem   box_loss   cls_loss   dfl_loss  Instances       Size
                   all      39441     113731      0.764      0.671      0.732      0.567

      Epoch    GPU_mem   box_loss   cls_loss   dfl_loss  Instances       Size
                   all      39441     113731      0.761      0.674      0.733      0.568

      Epoch    GPU_mem   box_loss   cls_loss   dfl_loss  Instances       Size
                   all      39441     113731      0.764      0.673      0.733      0.568

      Epoch    GPU_mem   box_loss   cls_loss   dfl_loss  Instances       Size
                   all      39441     113731      0.765      0.673      0.733      0.569

      Epoch    GPU_mem   box_loss   cls_loss   dfl_loss  Instances       Size
                   all      39441     113731      0.761      0.675      0.733      0.569

      Epoch    GPU_mem   box_loss   cls_loss   dfl_loss  Instances       Size
                   all      39441     113731      0.763      0.674      0.734       0.57

      Epoch    GPU_mem   box_loss   cls_loss   dfl_loss  Instances       Size
                   all      39441     113731      0.761      0.676      0.734       0.57

      Epoch    GPU_mem   box_loss   cls_loss   dfl_loss  Instances       Size
                   all      39441     113731      0.759      0.679      0.735      0.571

      Epoch    GPU_mem   box_loss   cls_loss   dfl_loss  Instances       Size
                   all      39441     113731      0.759       0.68      0.735      0.572

      Epoch    GPU_mem   box_loss   cls_loss   dfl_loss  Instances       Size
                   all      39441     113731      0.762      0.678      0.735      0.572

      Epoch    GPU_mem   box_loss   cls_loss   dfl_loss  Instances       Size
                   all      39441     113731      0.762       0.68      0.736      0.573

      Epoch    GPU_mem   box_loss   cls_loss   dfl_loss  Instances       Size
                   all      39441     113731      0.764      0.679      0.736      0.573

      Epoch    GPU_mem   box_loss   cls_loss   dfl_loss  Instances       Size
                   all      39441     113731       0.76      0.682      0.737      0.574

      Epoch    GPU_mem   box_loss   cls_loss   dfl_loss  Instances       Size
                   all      39441     113731      0.763      0.681      0.737      0.575

      Epoch    GPU_mem   box_loss   cls_loss   dfl_loss  Instances       Size
                   all      39441     113731      0.766       0.68      0.738      0.576

      Epoch    GPU_mem   box_loss   cls_loss   dfl_loss  Instances       Size
                   all      39441     113731      0.766      0.681      0.738      0.576

      Epoch    GPU_mem   box_loss   cls_loss   dfl_loss  Instances       Size
                   all      39441     113731      0.767       0.68      0.738      0.576

      Epoch    GPU_mem   box_loss   cls_loss   dfl_loss  Instances       Size
                   all      39441     113731      0.768      0.681      0.738      0.577

      Epoch    GPU_mem   box_loss   cls_loss   dfl_loss  Instances       Size
                   all      39441     113731      0.769       0.68      0.739      0.578

      Epoch    GPU_mem   box_loss   cls_loss   dfl_loss  Instances       Size
                   all      39441     113731       0.77       0.68      0.739      0.578

      Epoch    GPU_mem   box_loss   cls_loss   dfl_loss  Instances       Size
                   all      39441     113731      0.769      0.681      0.738      0.578

      Epoch    GPU_mem   box_loss   cls_loss   dfl_loss  Instances       Size
                   all      39441     113731      0.772      0.679      0.739      0.579

      Epoch    GPU_mem   box_loss   cls_loss   dfl_loss  Instances       Size
                   all      39441     113731      0.775      0.678      0.739      0.579

      Epoch    GPU_mem   box_loss   cls_loss   dfl_loss  Instances       Size
                   all      39441     113731      0.776      0.677      0.739      0.579

      Epoch    GPU_mem   box_loss   cls_loss   dfl_loss  Instances       Size
                   all      39441     113731      0.775       0.68      0.739       0.58

      Epoch    GPU_mem   box_loss   cls_loss   dfl_loss  Instances       Size
                   all      39441     113731      0.775       0.68      0.739       0.58

      Epoch    GPU_mem   box_loss   cls_loss   dfl_loss  Instances       Size
                   all      39441     113731      0.774      0.681      0.739      0.581

      Epoch    GPU_mem   box_loss   cls_loss   dfl_loss  Instances       Size
                   all      39441     113731      0.777       0.68      0.739      0.581

      Epoch    GPU_mem   box_loss   cls_loss   dfl_loss  Instances       Size
                   all      39441     113731       0.78      0.678       0.74      0.581
Closing dataloader mosaic
[34m[1malbumentations: [0mBlur(p=0.01, blur_limit=(3, 7)), MedianBlur(p=0.01, blur_limit=(3, 7)), ToGray(p=0.01), CLAHE(p=0.01, clip_limit=(1, 4.0), tile_grid_size=(8, 8))

      Epoch    GPU_mem   box_loss   cls_loss   dfl_loss  Instances       Size
                   all      39441     113731      0.781      0.678       0.74      0.582

      Epoch    GPU_mem   box_loss   cls_loss   dfl_loss  Instances       Size
                   all      39441     113731      0.779      0.679      0.739      0.582

      Epoch    GPU_mem   box_loss   cls_loss   dfl_loss  Instances       Size
                   all      39441     113731      0.778      0.679       0.74      0.582

      Epoch    GPU_mem   box_loss   cls_loss   dfl_loss  Instances       Size
                   all      39441     113731      0.781      0.678       0.74      0.583

      Epoch    GPU_mem   box_loss   cls_loss   dfl_loss  Instances       Size
                   all      39441     113731      0.782      0.679       0.74      0.583

      Epoch    GPU_mem   box_loss   cls_loss   dfl_loss  Instances       Size
                   all      39441     113731      0.783      0.678       0.74      0.584

      Epoch    GPU_mem   box_loss   cls_loss   dfl_loss  Instances       Size
                   all      39441     113731      0.782      0.679       0.74      0.584

      Epoch    GPU_mem   box_loss   cls_loss   dfl_loss  Instances       Size
                   all      39441     113731      0.778      0.681       0.74      0.584

      Epoch    GPU_mem   box_loss   cls_loss   dfl_loss  Instances       Size
                   all      39441     113731      0.774      0.685       0.74      0.584

      Epoch    GPU_mem   box_loss   cls_loss   dfl_loss  Instances       Size
                   all      39441     113731      0.781      0.681       0.74      0.584

100 epochs completed in 18.809 hours.
Optimizer stripped from runs/detect/yolov10_transfer_learning/weights/last.pt, 64.3MB
Optimizer stripped from runs/detect/yolov10_transfer_learning/weights/best.pt, 64.3MB

Validating runs/detect/yolov10_transfer_learning/weights/best.pt...
Ultralytics YOLOv8.2.54 🚀 Python-3.12.4 torch-2.3.1 CUDA:0 (Tesla V100-SXM2-32GB, 32501MiB)
                                                     CUDA:1 (Tesla V100-SXM2-32GB, 32501MiB)
                                                     CUDA:2 (Tesla V100-SXM2-32GB, 32501MiB)
                                                     CUDA:3 (Tesla V100-SXM2-32GB, 32501MiB)
YOLOv10x summary (fused): 503 layers, 31691936 parameters, 0 gradients
                   all      39441     113731       0.78      0.681       0.74      0.584
            Watermelon       2045       6691      0.906      0.802      0.879      0.722
                 Apple       1436       4861      0.725      0.584      0.661      0.517
                Banana       1095       2413      0.742      0.561      0.633      0.484
               Cabbage       1735       2932      0.891      0.895      0.933      0.842
                Carrot       2104       5146      0.844      0.728      0.827      0.638
              Cucumber       1171       3651      0.777        0.8      0.838      0.706
                 Lemon        854       2006      0.731      0.671       0.72      0.606
                Potato       1057       3592       0.82      0.819      0.876      0.759
                Tomato       1945       8101      0.761      0.635      0.724      0.567
                 Grape       2719       6455      0.845      0.695      0.779      0.628
            Grapefruit        227        669      0.544       0.49      0.485      0.412
                 Mango       1596       4325      0.874      0.761      0.846       0.73
                Orange        610       3829      0.573      0.401      0.464      0.284
                 Peach        357       1089      0.709      0.603      0.664      0.575
                  Pear        399       1271      0.825      0.766      0.816      0.658
           Pomegranate        539       1148      0.741      0.711       0.75      0.623
             Pineapple       1880       3044      0.879      0.819      0.885      0.744
               Pumpkin       1568       5268      0.811      0.646      0.741      0.552
                Radish        399       1230      0.827      0.671      0.753      0.562
               Coconut       1559       4272      0.891       0.82      0.877      0.737
                Litchi       1259       3942      0.925      0.874      0.932      0.817
           Bell-pepper       1228       3013      0.845      0.847      0.898      0.776
              Broccoli        481        937      0.617      0.567      0.586      0.448
            Cantaloupe         67        103      0.639      0.412      0.458      0.425
            Strawberry        783       4805      0.687      0.511      0.609      0.406
                  Beet        336        986      0.861      0.934      0.937      0.826
                   Egg       1200       2728      0.939       0.96      0.978      0.822
              Eggplant        837       2191      0.805      0.873      0.904      0.725
                Garlic        406       2169      0.844      0.806      0.872      0.646
                 Onion       1804       3465      0.925      0.939      0.971      0.865
                 Bread        901       1867      0.745      0.678      0.749      0.599
                Cheese        466       1140      0.631      0.517      0.569      0.476
                  Fish        724       2912      0.648      0.459      0.522      0.306
                Shrimp        629       2832      0.757      0.707      0.758      0.509
                  Crab        386        545      0.741       0.64      0.724      0.583
               Lobster        222        329       0.63      0.519      0.582      0.418
                  Beef        470        808      0.784      0.749      0.754      0.544
              Beetroot         52        158      0.718      0.519      0.617      0.394
           Cauliflower        146        225      0.838      0.831      0.893       0.67
               Chicken        349        611       0.87      0.799      0.905      0.763
         Chilli-pepper         95        413      0.596      0.401      0.462      0.284
                  Corn         66        167      0.866      0.814      0.912      0.572
                Ginger        568       1042      0.825      0.729      0.827      0.603
                  Kiwi        104        309      0.815      0.845      0.907       0.78
                  Leek        397        731      0.829      0.701      0.769      0.521
               Lettuce        210        346      0.764      0.668      0.739      0.585
                  Lime          2          3          1          0          0          0
                 Pasta        123        199      0.761      0.622      0.642      0.503
                  Peas         77        361      0.385      0.127      0.207      0.104
                  Pork        399        568      0.738      0.731       0.76      0.565
                  Rice        256        256       0.99          1      0.995      0.995
               Spinach        115        194      0.741        0.5      0.575       0.41
          Sweet-potato        253        700      0.802      0.863      0.893      0.706
                Turnip         50        198      0.823      0.596       0.71      0.505
                 Squid        293        485      0.815      0.856      0.902      0.642
Speed: 0.1ms preprocess, 7.3ms inference, 0.0ms loss, 0.1ms postprocess per image
Results saved to [1mruns/detect/yolov10_transfer_learning[0m
